Analysis & Synthesis report for VGA_800X600
Sun Feb 07 23:27:25 2016
Quartus II 64-Bit Version 13.0.1 Build 232 06/12/2013 Service Pack 1 SJ Web Edition


---------------------
; Table of Contents ;
---------------------
  1. Legal Notice
  2. Analysis & Synthesis Summary
  3. Analysis & Synthesis Settings
  4. Parallel Compilation
  5. Analysis & Synthesis Source Files Read
  6. Analysis & Synthesis Resource Usage Summary
  7. Analysis & Synthesis Resource Utilization by Entity
  8. Analysis & Synthesis RAM Summary
  9. Registers Removed During Synthesis
 10. General Register Statistics
 11. Inverted Register Statistics
 12. Registers Packed Into Inferred Megafunctions
 13. Multiplexer Restructuring Statistics (Restructuring Performed)
 14. Source assignments for X_SERVER:xrand|CHARSET:charset|altsyncram:chart_rtl_0|altsyncram_st61:auto_generated
 15. Source assignments for X_SERVER:xrand|V_RAM:vram|altsyncram:RAM_rtl_0|altsyncram_iel1:auto_generated
 16. Parameter Settings for Inferred Entity Instance: X_SERVER:xrand|CHARSET:charset|altsyncram:chart_rtl_0
 17. Parameter Settings for Inferred Entity Instance: X_SERVER:xrand|V_RAM:vram|altsyncram:RAM_rtl_0
 18. altsyncram Parameter Settings by Entity Instance
 19. Port Connectivity Checks: "X_SERVER:xrand|V_RAM:vram"
 20. Elapsed Time Per Partition
 21. Analysis & Synthesis Messages
 22. Analysis & Synthesis Suppressed Messages



----------------
; Legal Notice ;
----------------
Copyright (C) 1991-2013 Altera Corporation
Your use of Altera Corporation's design tools, logic functions 
and other software and tools, and its AMPP partner logic 
functions, and any output files from any of the foregoing 
(including device programming or simulation files), and any 
associated documentation or information are expressly subject 
to the terms and conditions of the Altera Program License 
Subscription Agreement, Altera MegaCore Function License 
Agreement, or other applicable license agreement, including, 
without limitation, that your use is for the sole purpose of 
programming logic devices manufactured by Altera and sold by 
Altera or its authorized distributors.  Please refer to the 
applicable agreement for further details.



+--------------------------------------------------------------------------------------+
; Analysis & Synthesis Summary                                                         ;
+------------------------------------+-------------------------------------------------+
; Analysis & Synthesis Status        ; Successful - Sun Feb 07 23:27:25 2016           ;
; Quartus II 64-Bit Version          ; 13.0.1 Build 232 06/12/2013 SP 1 SJ Web Edition ;
; Revision Name                      ; VGA_800X600                                     ;
; Top-level Entity Name              ; VGA_800X600                                     ;
; Family                             ; Cyclone II                                      ;
; Total logic elements               ; 913                                             ;
;     Total combinational functions  ; 907                                             ;
;     Dedicated logic registers      ; 288                                             ;
; Total registers                    ; 288                                             ;
; Total pins                         ; 7                                               ;
; Total virtual pins                 ; 0                                               ;
; Total memory bits                  ; 53,248                                          ;
; Embedded Multiplier 9-bit elements ; 0                                               ;
; Total PLLs                         ; 0                                               ;
+------------------------------------+-------------------------------------------------+


+----------------------------------------------------------------------------------------------------------------------+
; Analysis & Synthesis Settings                                                                                        ;
+----------------------------------------------------------------------------+--------------------+--------------------+
; Option                                                                     ; Setting            ; Default Value      ;
+----------------------------------------------------------------------------+--------------------+--------------------+
; Device                                                                     ; EP2C8Q208C8        ;                    ;
; Top-level entity name                                                      ; VGA_800X600        ; VGA_800X600        ;
; Family name                                                                ; Cyclone II         ; Cyclone IV GX      ;
; Use smart compilation                                                      ; Off                ; Off                ;
; Enable parallel Assembler and TimeQuest Timing Analyzer during compilation ; On                 ; On                 ;
; Enable compact report table                                                ; Off                ; Off                ;
; Restructure Multiplexers                                                   ; Auto               ; Auto               ;
; Create Debugging Nodes for IP Cores                                        ; Off                ; Off                ;
; Preserve fewer node names                                                  ; On                 ; On                 ;
; Disable OpenCore Plus hardware evaluation                                  ; Off                ; Off                ;
; Verilog Version                                                            ; Verilog_2001       ; Verilog_2001       ;
; VHDL Version                                                               ; VHDL_1993          ; VHDL_1993          ;
; State Machine Processing                                                   ; Auto               ; Auto               ;
; Safe State Machine                                                         ; Off                ; Off                ;
; Extract Verilog State Machines                                             ; On                 ; On                 ;
; Extract VHDL State Machines                                                ; On                 ; On                 ;
; Ignore Verilog initial constructs                                          ; Off                ; Off                ;
; Iteration limit for constant Verilog loops                                 ; 5000               ; 5000               ;
; Iteration limit for non-constant Verilog loops                             ; 250                ; 250                ;
; Add Pass-Through Logic to Inferred RAMs                                    ; On                 ; On                 ;
; Infer RAMs from Raw Logic                                                  ; On                 ; On                 ;
; Parallel Synthesis                                                         ; Off                ; Off                ;
; DSP Block Balancing                                                        ; Auto               ; Auto               ;
; NOT Gate Push-Back                                                         ; On                 ; On                 ;
; Power-Up Don't Care                                                        ; On                 ; On                 ;
; Remove Redundant Logic Cells                                               ; Off                ; Off                ;
; Remove Duplicate Registers                                                 ; On                 ; On                 ;
; Ignore CARRY Buffers                                                       ; Off                ; Off                ;
; Ignore CASCADE Buffers                                                     ; Off                ; Off                ;
; Ignore GLOBAL Buffers                                                      ; Off                ; Off                ;
; Ignore ROW GLOBAL Buffers                                                  ; Off                ; Off                ;
; Ignore LCELL Buffers                                                       ; Off                ; Off                ;
; Ignore SOFT Buffers                                                        ; On                 ; On                 ;
; Limit AHDL Integers to 32 Bits                                             ; Off                ; Off                ;
; Optimization Technique                                                     ; Balanced           ; Balanced           ;
; Carry Chain Length                                                         ; 70                 ; 70                 ;
; Auto Carry Chains                                                          ; On                 ; On                 ;
; Auto Open-Drain Pins                                                       ; On                 ; On                 ;
; Perform WYSIWYG Primitive Resynthesis                                      ; Off                ; Off                ;
; Auto ROM Replacement                                                       ; On                 ; On                 ;
; Auto RAM Replacement                                                       ; On                 ; On                 ;
; Auto Shift Register Replacement                                            ; Auto               ; Auto               ;
; Allow Shift Register Merging across Hierarchies                            ; Auto               ; Auto               ;
; Auto Clock Enable Replacement                                              ; On                 ; On                 ;
; Strict RAM Replacement                                                     ; Off                ; Off                ;
; Allow Synchronous Control Signals                                          ; On                 ; On                 ;
; Force Use of Synchronous Clear Signals                                     ; Off                ; Off                ;
; Auto RAM to Logic Cell Conversion                                          ; Off                ; Off                ;
; Auto Resource Sharing                                                      ; Off                ; Off                ;
; Allow Any RAM Size For Recognition                                         ; Off                ; Off                ;
; Allow Any ROM Size For Recognition                                         ; Off                ; Off                ;
; Allow Any Shift Register Size For Recognition                              ; Off                ; Off                ;
; Use LogicLock Constraints during Resource Balancing                        ; On                 ; On                 ;
; Ignore translate_off and synthesis_off directives                          ; Off                ; Off                ;
; Timing-Driven Synthesis                                                    ; Off                ; Off                ;
; Report Parameter Settings                                                  ; On                 ; On                 ;
; Report Source Assignments                                                  ; On                 ; On                 ;
; Report Connectivity Checks                                                 ; On                 ; On                 ;
; Ignore Maximum Fan-Out Assignments                                         ; Off                ; Off                ;
; Synchronization Register Chain Length                                      ; 2                  ; 2                  ;
; PowerPlay Power Optimization                                               ; Normal compilation ; Normal compilation ;
; HDL message level                                                          ; Level2             ; Level2             ;
; Suppress Register Optimization Related Messages                            ; Off                ; Off                ;
; Number of Removed Registers Reported in Synthesis Report                   ; 5000               ; 5000               ;
; Number of Swept Nodes Reported in Synthesis Report                         ; 5000               ; 5000               ;
; Number of Inverted Registers Reported in Synthesis Report                  ; 100                ; 100                ;
; Clock MUX Protection                                                       ; On                 ; On                 ;
; Auto Gated Clock Conversion                                                ; Off                ; Off                ;
; Block Design Naming                                                        ; Auto               ; Auto               ;
; SDC constraint protection                                                  ; Off                ; Off                ;
; Synthesis Effort                                                           ; Auto               ; Auto               ;
; Shift Register Replacement - Allow Asynchronous Clear Signal               ; On                 ; On                 ;
; Pre-Mapping Resynthesis Optimization                                       ; Off                ; Off                ;
; Analysis & Synthesis Message Level                                         ; Medium             ; Medium             ;
; Disable Register Merging Across Hierarchies                                ; Auto               ; Auto               ;
; Resource Aware Inference For Block RAM                                     ; On                 ; On                 ;
; Synthesis Seed                                                             ; 1                  ; 1                  ;
+----------------------------------------------------------------------------+--------------------+--------------------+


Parallel compilation was disabled, but you have multiple processors available. Enable parallel compilation to reduce compilation time.
+-------------------------------------+
; Parallel Compilation                ;
+----------------------------+--------+
; Processors                 ; Number ;
+----------------------------+--------+
; Number detected on machine ; 8      ;
; Maximum allowed            ; 1      ;
+----------------------------+--------+


+-------------------------------------------------------------------------------------------------------------------------------------------------------------------------------------------------------------------------------------+
; Analysis & Synthesis Source Files Read                                                                                                                                                                                              ;
+----------------------------------------------+-----------------+-------------------------------------------------------+--------------------------------------------------------------------------------------------------+---------+
; File Name with User-Entered Path             ; Used in Netlist ; File Type                                             ; File Name with Absolute Path                                                                     ; Library ;
+----------------------------------------------+-----------------+-------------------------------------------------------+--------------------------------------------------------------------------------------------------+---------+
; X_SERVER.v                                   ; yes             ; User Verilog HDL File                                 ; C:/Users/re_de/dev/gpu/29 VGA display a rectangular/X_SERVER.v                                   ;         ;
; CHARSET.v                                    ; yes             ; User Verilog HDL File                                 ; C:/Users/re_de/dev/gpu/29 VGA display a rectangular/CHARSET.v                                    ;         ;
; VGA_800X600.v                                ; yes             ; User Verilog HDL File                                 ; C:/Users/re_de/dev/gpu/29 VGA display a rectangular/VGA_800X600.v                                ;         ;
; RAM.v                                        ; yes             ; User Verilog HDL File                                 ; C:/Users/re_de/dev/gpu/29 VGA display a rectangular/RAM.v                                        ;         ;
; charset.hex                                  ; yes             ; Auto-Found Hexadecimal (Intel-Format) File            ; C:/Users/re_de/dev/gpu/29 VGA display a rectangular/charset.hex                                  ;         ;
; matrix.hex                                   ; yes             ; Auto-Found Hexadecimal (Intel-Format) File            ; C:/Users/re_de/dev/gpu/29 VGA display a rectangular/matrix.hex                                   ;         ;
; altsyncram.tdf                               ; yes             ; Megafunction                                          ; c:/altera/13.0sp1/quartus/libraries/megafunctions/altsyncram.tdf                                 ;         ;
; stratix_ram_block.inc                        ; yes             ; Megafunction                                          ; c:/altera/13.0sp1/quartus/libraries/megafunctions/stratix_ram_block.inc                          ;         ;
; lpm_mux.inc                                  ; yes             ; Megafunction                                          ; c:/altera/13.0sp1/quartus/libraries/megafunctions/lpm_mux.inc                                    ;         ;
; lpm_decode.inc                               ; yes             ; Megafunction                                          ; c:/altera/13.0sp1/quartus/libraries/megafunctions/lpm_decode.inc                                 ;         ;
; aglobal130.inc                               ; yes             ; Megafunction                                          ; c:/altera/13.0sp1/quartus/libraries/megafunctions/aglobal130.inc                                 ;         ;
; a_rdenreg.inc                                ; yes             ; Megafunction                                          ; c:/altera/13.0sp1/quartus/libraries/megafunctions/a_rdenreg.inc                                  ;         ;
; altrom.inc                                   ; yes             ; Megafunction                                          ; c:/altera/13.0sp1/quartus/libraries/megafunctions/altrom.inc                                     ;         ;
; altram.inc                                   ; yes             ; Megafunction                                          ; c:/altera/13.0sp1/quartus/libraries/megafunctions/altram.inc                                     ;         ;
; altdpram.inc                                 ; yes             ; Megafunction                                          ; c:/altera/13.0sp1/quartus/libraries/megafunctions/altdpram.inc                                   ;         ;
; db/altsyncram_st61.tdf                       ; yes             ; Auto-Generated Megafunction                           ; C:/Users/re_de/dev/gpu/29 VGA display a rectangular/db/altsyncram_st61.tdf                       ;         ;
; db/vga_800x600.ram0_charset_1c20b963.hdl.mif ; yes             ; Auto-Generated Auto-Found Memory Initialization File  ; C:/Users/re_de/dev/gpu/29 VGA display a rectangular/db/vga_800x600.ram0_charset_1c20b963.hdl.mif ;         ;
; db/altsyncram_iel1.tdf                       ; yes             ; Auto-Generated Megafunction                           ; C:/Users/re_de/dev/gpu/29 VGA display a rectangular/db/altsyncram_iel1.tdf                       ;         ;
; db/vga_800x600.ram0_v_ram_5ee8774.hdl.mif    ; yes             ; Auto-Generated Auto-Found Memory Initialization File  ; C:/Users/re_de/dev/gpu/29 VGA display a rectangular/db/vga_800x600.ram0_v_ram_5ee8774.hdl.mif    ;         ;
+----------------------------------------------+-----------------+-------------------------------------------------------+--------------------------------------------------------------------------------------------------+---------+


+------------------------------------------------------------------------+
; Analysis & Synthesis Resource Usage Summary                            ;
+---------------------------------------------+--------------------------+
; Resource                                    ; Usage                    ;
+---------------------------------------------+--------------------------+
; Estimated Total logic elements              ; 913                      ;
;                                             ;                          ;
; Total combinational functions               ; 907                      ;
; Logic element usage by number of LUT inputs ;                          ;
;     -- 4 input functions                    ; 304                      ;
;     -- 3 input functions                    ; 81                       ;
;     -- <=2 input functions                  ; 522                      ;
;                                             ;                          ;
; Logic elements by mode                      ;                          ;
;     -- normal mode                          ; 495                      ;
;     -- arithmetic mode                      ; 412                      ;
;                                             ;                          ;
; Total registers                             ; 288                      ;
;     -- Dedicated logic registers            ; 288                      ;
;     -- I/O registers                        ; 0                        ;
;                                             ;                          ;
; I/O pins                                    ; 7                        ;
; Total memory bits                           ; 53248                    ;
; Embedded Multiplier 9-bit elements          ; 0                        ;
; Maximum fan-out node                        ; X_SERVER:xrand|timer[14] ;
; Maximum fan-out                             ; 233                      ;
; Total fan-out                               ; 3507                     ;
; Average fan-out                             ; 2.87                     ;
+---------------------------------------------+--------------------------+


+-----------------------------------------------------------------------------------------------------------------------------------------------------------------------------------------------------------------------------------------------------------------------------+
; Analysis & Synthesis Resource Utilization by Entity                                                                                                                                                                                                                         ;
+----------------------------------------------+-------------------+--------------+-------------+--------------+---------+-----------+------+--------------+---------------------------------------------------------------------------------------------------+--------------+
; Compilation Hierarchy Node                   ; LC Combinationals ; LC Registers ; Memory Bits ; DSP Elements ; DSP 9x9 ; DSP 18x18 ; Pins ; Virtual Pins ; Full Hierarchy Name                                                                               ; Library Name ;
+----------------------------------------------+-------------------+--------------+-------------+--------------+---------+-----------+------+--------------+---------------------------------------------------------------------------------------------------+--------------+
; |VGA_800X600                                 ; 907 (69)          ; 288 (23)     ; 53248       ; 0            ; 0       ; 0         ; 7    ; 0            ; |VGA_800X600                                                                                      ; work         ;
;    |X_SERVER:xrand|                          ; 838 (838)         ; 265 (265)    ; 53248       ; 0            ; 0       ; 0         ; 0    ; 0            ; |VGA_800X600|X_SERVER:xrand                                                                       ; work         ;
;       |CHARSET:charset|                      ; 0 (0)             ; 0 (0)        ; 32768       ; 0            ; 0       ; 0         ; 0    ; 0            ; |VGA_800X600|X_SERVER:xrand|CHARSET:charset                                                       ; work         ;
;          |altsyncram:chart_rtl_0|            ; 0 (0)             ; 0 (0)        ; 32768       ; 0            ; 0       ; 0         ; 0    ; 0            ; |VGA_800X600|X_SERVER:xrand|CHARSET:charset|altsyncram:chart_rtl_0                                ; work         ;
;             |altsyncram_st61:auto_generated| ; 0 (0)             ; 0 (0)        ; 32768       ; 0            ; 0       ; 0         ; 0    ; 0            ; |VGA_800X600|X_SERVER:xrand|CHARSET:charset|altsyncram:chart_rtl_0|altsyncram_st61:auto_generated ; work         ;
;       |V_RAM:vram|                           ; 0 (0)             ; 0 (0)        ; 20480       ; 0            ; 0       ; 0         ; 0    ; 0            ; |VGA_800X600|X_SERVER:xrand|V_RAM:vram                                                            ; work         ;
;          |altsyncram:RAM_rtl_0|              ; 0 (0)             ; 0 (0)        ; 20480       ; 0            ; 0       ; 0         ; 0    ; 0            ; |VGA_800X600|X_SERVER:xrand|V_RAM:vram|altsyncram:RAM_rtl_0                                       ; work         ;
;             |altsyncram_iel1:auto_generated| ; 0 (0)             ; 0 (0)        ; 20480       ; 0            ; 0       ; 0         ; 0    ; 0            ; |VGA_800X600|X_SERVER:xrand|V_RAM:vram|altsyncram:RAM_rtl_0|altsyncram_iel1:auto_generated        ; work         ;
+----------------------------------------------+-------------------+--------------+-------------+--------------+---------+-----------+------+--------------+---------------------------------------------------------------------------------------------------+--------------+
Note: For table entries with two numbers listed, the numbers in parentheses indicate the number of resources of the given type used by the specific entity alone. The numbers listed outside of parentheses indicate the total resources of the given type used by the specific entity and all of its sub-entities in the hierarchy.


+----------------------------------------------------------------------------------------------------------------------------------------------------------------------------------------------------------------------------------------------+
; Analysis & Synthesis RAM Summary                                                                                                                                                                                                             ;
+-------------------------------------------------------------------------------------------------+------+------------------+--------------+--------------+--------------+--------------+-------+----------------------------------------------+
; Name                                                                                            ; Type ; Mode             ; Port A Depth ; Port A Width ; Port B Depth ; Port B Width ; Size  ; MIF                                          ;
+-------------------------------------------------------------------------------------------------+------+------------------+--------------+--------------+--------------+--------------+-------+----------------------------------------------+
; X_SERVER:xrand|CHARSET:charset|altsyncram:chart_rtl_0|altsyncram_st61:auto_generated|ALTSYNCRAM ; AUTO ; ROM              ; 4096         ; 8            ; --           ; --           ; 32768 ; db/VGA_800X600.ram0_CHARSET_1c20b963.hdl.mif ;
; X_SERVER:xrand|V_RAM:vram|altsyncram:RAM_rtl_0|altsyncram_iel1:auto_generated|ALTSYNCRAM        ; AUTO ; Simple Dual Port ; 2048         ; 16           ; 2048         ; 16           ; 32768 ; db/VGA_800X600.ram0_V_RAM_5ee8774.hdl.mif    ;
+-------------------------------------------------------------------------------------------------+------+------------------+--------------+--------------+--------------+--------------+-------+----------------------------------------------+


+------------------------------------------------------------------------------------+
; Registers Removed During Synthesis                                                 ;
+-----------------------------------------+------------------------------------------+
; Register name                           ; Reason for Removal                       ;
+-----------------------------------------+------------------------------------------+
; X_SERVER:xrand|b                        ; Stuck at GND due to stuck port data_in   ;
; X_SERVER:xrand|cc_code[8..15]           ; Stuck at GND due to stuck port data_in   ;
; X_SERVER:xrand|r                        ; Stuck at GND due to stuck port data_in   ;
; X_SERVER:xrand|matrix[63][1]            ; Merged with X_SERVER:xrand|matrix[29][1] ;
; X_SERVER:xrand|matrix[63][2]            ; Merged with X_SERVER:xrand|matrix[29][2] ;
; X_SERVER:xrand|matrix[63][3]            ; Merged with X_SERVER:xrand|matrix[29][3] ;
; X_SERVER:xrand|matrix[63][4]            ; Merged with X_SERVER:xrand|matrix[29][4] ;
; X_SERVER:xrand|matrix[63][5]            ; Merged with X_SERVER:xrand|matrix[29][5] ;
; X_SERVER:xrand|matrix[63][6]            ; Merged with X_SERVER:xrand|matrix[29][6] ;
; X_SERVER:xrand|matrix[63][7]            ; Merged with X_SERVER:xrand|matrix[29][7] ;
; X_SERVER:xrand|matrix[57][0]            ; Merged with X_SERVER:xrand|matrix[3][0]  ;
; X_SERVER:xrand|matrix[43][0]            ; Merged with X_SERVER:xrand|matrix[11][0] ;
; X_SERVER:xrand|matrix[41][0]            ; Merged with X_SERVER:xrand|matrix[12][0] ;
; X_SERVER:xrand|matrix[17][0]            ; Merged with X_SERVER:xrand|matrix[14][0] ;
; X_SERVER:xrand|matrix[39][0]            ; Merged with X_SERVER:xrand|matrix[16][0] ;
; X_SERVER:xrand|matrix[31][0]            ; Merged with X_SERVER:xrand|matrix[24][0] ;
; X_SERVER:xrand|matrix[63][0]            ; Merged with X_SERVER:xrand|matrix[29][0] ;
; X_SERVER:xrand|matrix[57][1]            ; Merged with X_SERVER:xrand|matrix[3][1]  ;
; X_SERVER:xrand|matrix[57][2]            ; Merged with X_SERVER:xrand|matrix[3][2]  ;
; X_SERVER:xrand|matrix[57][3]            ; Merged with X_SERVER:xrand|matrix[3][3]  ;
; X_SERVER:xrand|matrix[57][4]            ; Merged with X_SERVER:xrand|matrix[3][4]  ;
; X_SERVER:xrand|matrix[57][5]            ; Merged with X_SERVER:xrand|matrix[3][5]  ;
; X_SERVER:xrand|matrix[57][6]            ; Merged with X_SERVER:xrand|matrix[3][6]  ;
; X_SERVER:xrand|matrix[57][7]            ; Merged with X_SERVER:xrand|matrix[3][7]  ;
; X_SERVER:xrand|matrix[43][1]            ; Merged with X_SERVER:xrand|matrix[11][1] ;
; X_SERVER:xrand|matrix[43][2]            ; Merged with X_SERVER:xrand|matrix[11][2] ;
; X_SERVER:xrand|matrix[43][3]            ; Merged with X_SERVER:xrand|matrix[11][3] ;
; X_SERVER:xrand|matrix[43][4]            ; Merged with X_SERVER:xrand|matrix[11][4] ;
; X_SERVER:xrand|matrix[43][5]            ; Merged with X_SERVER:xrand|matrix[11][5] ;
; X_SERVER:xrand|matrix[43][6]            ; Merged with X_SERVER:xrand|matrix[11][6] ;
; X_SERVER:xrand|matrix[43][7]            ; Merged with X_SERVER:xrand|matrix[11][7] ;
; X_SERVER:xrand|matrix[41][1]            ; Merged with X_SERVER:xrand|matrix[12][1] ;
; X_SERVER:xrand|matrix[41][2]            ; Merged with X_SERVER:xrand|matrix[12][2] ;
; X_SERVER:xrand|matrix[41][3]            ; Merged with X_SERVER:xrand|matrix[12][3] ;
; X_SERVER:xrand|matrix[41][4]            ; Merged with X_SERVER:xrand|matrix[12][4] ;
; X_SERVER:xrand|matrix[41][5]            ; Merged with X_SERVER:xrand|matrix[12][5] ;
; X_SERVER:xrand|matrix[41][6]            ; Merged with X_SERVER:xrand|matrix[12][6] ;
; X_SERVER:xrand|matrix[41][7]            ; Merged with X_SERVER:xrand|matrix[12][7] ;
; X_SERVER:xrand|matrix[39][1]            ; Merged with X_SERVER:xrand|matrix[16][1] ;
; X_SERVER:xrand|matrix[39][2]            ; Merged with X_SERVER:xrand|matrix[16][2] ;
; X_SERVER:xrand|matrix[39][3]            ; Merged with X_SERVER:xrand|matrix[16][3] ;
; X_SERVER:xrand|matrix[39][4]            ; Merged with X_SERVER:xrand|matrix[16][4] ;
; X_SERVER:xrand|matrix[39][5]            ; Merged with X_SERVER:xrand|matrix[16][5] ;
; X_SERVER:xrand|matrix[39][6]            ; Merged with X_SERVER:xrand|matrix[16][6] ;
; X_SERVER:xrand|matrix[39][7]            ; Merged with X_SERVER:xrand|matrix[16][7] ;
; X_SERVER:xrand|matrix[31][1]            ; Merged with X_SERVER:xrand|matrix[24][1] ;
; X_SERVER:xrand|matrix[31][2]            ; Merged with X_SERVER:xrand|matrix[24][2] ;
; X_SERVER:xrand|matrix[31][3]            ; Merged with X_SERVER:xrand|matrix[24][3] ;
; X_SERVER:xrand|matrix[31][4]            ; Merged with X_SERVER:xrand|matrix[24][4] ;
; X_SERVER:xrand|matrix[31][5]            ; Merged with X_SERVER:xrand|matrix[24][5] ;
; X_SERVER:xrand|matrix[31][6]            ; Merged with X_SERVER:xrand|matrix[24][6] ;
; X_SERVER:xrand|matrix[31][7]            ; Merged with X_SERVER:xrand|matrix[24][7] ;
; X_SERVER:xrand|matrix[17][1]            ; Merged with X_SERVER:xrand|matrix[14][1] ;
; X_SERVER:xrand|matrix[17][2]            ; Merged with X_SERVER:xrand|matrix[14][2] ;
; X_SERVER:xrand|matrix[17][3]            ; Merged with X_SERVER:xrand|matrix[14][3] ;
; X_SERVER:xrand|matrix[17][4]            ; Merged with X_SERVER:xrand|matrix[14][4] ;
; X_SERVER:xrand|matrix[17][5]            ; Merged with X_SERVER:xrand|matrix[14][5] ;
; X_SERVER:xrand|matrix[17][6]            ; Merged with X_SERVER:xrand|matrix[14][6] ;
; X_SERVER:xrand|matrix[17][7]            ; Merged with X_SERVER:xrand|matrix[14][7] ;
; X_SERVER:xrand|matrix[28][0]            ; Merged with X_SERVER:xrand|matrix[0][0]  ;
; X_SERVER:xrand|matrix[30][0]            ; Merged with X_SERVER:xrand|matrix[0][0]  ;
; X_SERVER:xrand|matrix[52][0]            ; Merged with X_SERVER:xrand|matrix[0][0]  ;
; X_SERVER:xrand|matrix[48][0]            ; Merged with X_SERVER:xrand|matrix[0][0]  ;
; X_SERVER:xrand|matrix[21][0]            ; Merged with X_SERVER:xrand|matrix[0][0]  ;
; X_SERVER:xrand|matrix[50][0]            ; Merged with X_SERVER:xrand|matrix[0][0]  ;
; X_SERVER:xrand|matrix[56][0]            ; Merged with X_SERVER:xrand|matrix[0][0]  ;
; X_SERVER:xrand|matrix[58][0]            ; Merged with X_SERVER:xrand|matrix[0][0]  ;
; X_SERVER:xrand|matrix[25][0]            ; Merged with X_SERVER:xrand|matrix[0][0]  ;
; X_SERVER:xrand|matrix[47][0]            ; Merged with X_SERVER:xrand|matrix[0][0]  ;
; X_SERVER:xrand|matrix[20][0]            ; Merged with X_SERVER:xrand|matrix[0][0]  ;
; X_SERVER:xrand|matrix[54][0]            ; Merged with X_SERVER:xrand|matrix[0][0]  ;
; X_SERVER:xrand|matrix[22][0]            ; Merged with X_SERVER:xrand|matrix[0][0]  ;
; X_SERVER:xrand|matrix[23][0]            ; Merged with X_SERVER:xrand|matrix[0][0]  ;
; X_SERVER:xrand|matrix[35][0]            ; Merged with X_SERVER:xrand|matrix[0][0]  ;
; X_SERVER:xrand|matrix[18][0]            ; Merged with X_SERVER:xrand|matrix[0][0]  ;
; X_SERVER:xrand|matrix[37][0]            ; Merged with X_SERVER:xrand|matrix[0][0]  ;
; X_SERVER:xrand|matrix[49][0]            ; Merged with X_SERVER:xrand|matrix[0][0]  ;
; X_SERVER:xrand|matrix[53][0]            ; Merged with X_SERVER:xrand|matrix[0][0]  ;
; X_SERVER:xrand|matrix[36][0]            ; Merged with X_SERVER:xrand|matrix[0][0]  ;
; X_SERVER:xrand|matrix[1][0]             ; Merged with X_SERVER:xrand|matrix[0][0]  ;
; X_SERVER:xrand|matrix[34][0]            ; Merged with X_SERVER:xrand|matrix[0][0]  ;
; X_SERVER:xrand|matrix[2][0]             ; Merged with X_SERVER:xrand|matrix[0][0]  ;
; X_SERVER:xrand|matrix[14][0]            ; Merged with X_SERVER:xrand|matrix[0][0]  ;
; X_SERVER:xrand|matrix[19][0]            ; Merged with X_SERVER:xrand|matrix[0][0]  ;
; X_SERVER:xrand|matrix[10][0]            ; Merged with X_SERVER:xrand|matrix[0][0]  ;
; X_SERVER:xrand|matrix[9][0]             ; Merged with X_SERVER:xrand|matrix[0][0]  ;
; X_SERVER:xrand|matrix[44][0]            ; Merged with X_SERVER:xrand|matrix[0][0]  ;
; X_SERVER:xrand|matrix[45][0]            ; Merged with X_SERVER:xrand|matrix[3][0]  ;
; X_SERVER:xrand|matrix[33][0]            ; Merged with X_SERVER:xrand|matrix[3][0]  ;
; X_SERVER:xrand|matrix[46][0]            ; Merged with X_SERVER:xrand|matrix[3][0]  ;
; X_SERVER:xrand|matrix[60][0]            ; Merged with X_SERVER:xrand|matrix[3][0]  ;
; X_SERVER:xrand|matrix[27][0]            ; Merged with X_SERVER:xrand|matrix[3][0]  ;
; X_SERVER:xrand|matrix[11][0]            ; Merged with X_SERVER:xrand|matrix[3][0]  ;
; X_SERVER:xrand|matrix[6][0]             ; Merged with X_SERVER:xrand|matrix[3][0]  ;
; X_SERVER:xrand|matrix[5][0]             ; Merged with X_SERVER:xrand|matrix[3][0]  ;
; X_SERVER:xrand|matrix[40][0]            ; Merged with X_SERVER:xrand|matrix[3][0]  ;
; X_SERVER:xrand|matrix[8][0]             ; Merged with X_SERVER:xrand|matrix[3][0]  ;
; X_SERVER:xrand|matrix[16][0]            ; Merged with X_SERVER:xrand|matrix[3][0]  ;
; X_SERVER:xrand|matrix[29][0]            ; Merged with X_SERVER:xrand|matrix[3][0]  ;
; X_SERVER:xrand|matrix[7][0]             ; Merged with X_SERVER:xrand|matrix[3][0]  ;
; X_SERVER:xrand|matrix[62][0]            ; Merged with X_SERVER:xrand|matrix[3][0]  ;
; X_SERVER:xrand|matrix[26][0]            ; Merged with X_SERVER:xrand|matrix[3][0]  ;
; X_SERVER:xrand|matrix[12][0]            ; Merged with X_SERVER:xrand|matrix[3][0]  ;
; X_SERVER:xrand|matrix[13][0]            ; Merged with X_SERVER:xrand|matrix[3][0]  ;
; X_SERVER:xrand|matrix[15][0]            ; Merged with X_SERVER:xrand|matrix[3][0]  ;
; X_SERVER:xrand|matrix[55][0]            ; Merged with X_SERVER:xrand|matrix[3][0]  ;
; X_SERVER:xrand|matrix[61][0]            ; Merged with X_SERVER:xrand|matrix[3][0]  ;
; X_SERVER:xrand|matrix[4][0]             ; Merged with X_SERVER:xrand|matrix[3][0]  ;
; X_SERVER:xrand|matrix[51][0]            ; Merged with X_SERVER:xrand|matrix[3][0]  ;
; X_SERVER:xrand|matrix[38][0]            ; Merged with X_SERVER:xrand|matrix[3][0]  ;
; X_SERVER:xrand|matrix[24][0]            ; Merged with X_SERVER:xrand|matrix[3][0]  ;
; X_SERVER:xrand|matrix[59][0]            ; Merged with X_SERVER:xrand|matrix[3][0]  ;
; X_SERVER:xrand|matrix[32][0]            ; Merged with X_SERVER:xrand|matrix[3][0]  ;
; X_SERVER:xrand|matrix[42][0]            ; Merged with X_SERVER:xrand|matrix[3][0]  ;
; X_SERVER:xrand|matrix[16][1]            ; Merged with X_SERVER:xrand|matrix[62][1] ;
; X_SERVER:xrand|matrix[38][1]            ; Merged with X_SERVER:xrand|matrix[62][1] ;
; X_SERVER:xrand|matrix[8][1]             ; Merged with X_SERVER:xrand|matrix[62][1] ;
; X_SERVER:xrand|matrix[15][1]            ; Merged with X_SERVER:xrand|matrix[61][1] ;
; X_SERVER:xrand|matrix[11][1]            ; Merged with X_SERVER:xrand|matrix[61][1] ;
; X_SERVER:xrand|matrix[7][1]             ; Merged with X_SERVER:xrand|matrix[61][1] ;
; X_SERVER:xrand|matrix[46][1]            ; Merged with X_SERVER:xrand|matrix[61][1] ;
; X_SERVER:xrand|matrix[27][1]            ; Merged with X_SERVER:xrand|matrix[60][1] ;
; X_SERVER:xrand|matrix[45][1]            ; Merged with X_SERVER:xrand|matrix[59][1] ;
; X_SERVER:xrand|matrix[55][1]            ; Merged with X_SERVER:xrand|matrix[59][1] ;
; X_SERVER:xrand|matrix[42][1]            ; Merged with X_SERVER:xrand|matrix[59][1] ;
; X_SERVER:xrand|matrix[12][1]            ; Merged with X_SERVER:xrand|matrix[59][1] ;
; X_SERVER:xrand|matrix[6][1]             ; Merged with X_SERVER:xrand|matrix[59][1] ;
; X_SERVER:xrand|matrix[4][1]             ; Merged with X_SERVER:xrand|matrix[59][1] ;
; X_SERVER:xrand|matrix[9][1]             ; Merged with X_SERVER:xrand|matrix[58][1] ;
; X_SERVER:xrand|matrix[30][1]            ; Merged with X_SERVER:xrand|matrix[58][1] ;
; X_SERVER:xrand|matrix[50][1]            ; Merged with X_SERVER:xrand|matrix[58][1] ;
; X_SERVER:xrand|matrix[48][1]            ; Merged with X_SERVER:xrand|matrix[56][1] ;
; X_SERVER:xrand|matrix[20][1]            ; Merged with X_SERVER:xrand|matrix[56][1] ;
; X_SERVER:xrand|matrix[22][1]            ; Merged with X_SERVER:xrand|matrix[56][1] ;
; X_SERVER:xrand|matrix[18][1]            ; Merged with X_SERVER:xrand|matrix[56][1] ;
; X_SERVER:xrand|matrix[35][1]            ; Merged with X_SERVER:xrand|matrix[54][1] ;
; X_SERVER:xrand|matrix[1][1]             ; Merged with X_SERVER:xrand|matrix[54][1] ;
; X_SERVER:xrand|matrix[25][1]            ; Merged with X_SERVER:xrand|matrix[54][1] ;
; X_SERVER:xrand|matrix[47][1]            ; Merged with X_SERVER:xrand|matrix[54][1] ;
; X_SERVER:xrand|matrix[23][1]            ; Merged with X_SERVER:xrand|matrix[54][1] ;
; X_SERVER:xrand|matrix[19][1]            ; Merged with X_SERVER:xrand|matrix[53][1] ;
; X_SERVER:xrand|matrix[28][1]            ; Merged with X_SERVER:xrand|matrix[53][1] ;
; X_SERVER:xrand|matrix[14][1]            ; Merged with X_SERVER:xrand|matrix[53][1] ;
; X_SERVER:xrand|matrix[10][1]            ; Merged with X_SERVER:xrand|matrix[53][1] ;
; X_SERVER:xrand|matrix[36][1]            ; Merged with X_SERVER:xrand|matrix[53][1] ;
; X_SERVER:xrand|matrix[44][1]            ; Merged with X_SERVER:xrand|matrix[52][1] ;
; X_SERVER:xrand|matrix[37][1]            ; Merged with X_SERVER:xrand|matrix[52][1] ;
; X_SERVER:xrand|matrix[40][1]            ; Merged with X_SERVER:xrand|matrix[51][1] ;
; X_SERVER:xrand|matrix[5][1]             ; Merged with X_SERVER:xrand|matrix[51][1] ;
; X_SERVER:xrand|matrix[29][1]            ; Merged with X_SERVER:xrand|matrix[51][1] ;
; X_SERVER:xrand|matrix[0][1]             ; Merged with X_SERVER:xrand|matrix[49][1] ;
; X_SERVER:xrand|matrix[2][1]             ; Merged with X_SERVER:xrand|matrix[34][1] ;
; X_SERVER:xrand|matrix[13][1]            ; Merged with X_SERVER:xrand|matrix[33][1] ;
; X_SERVER:xrand|matrix[32][1]            ; Merged with X_SERVER:xrand|matrix[33][1] ;
; X_SERVER:xrand|matrix[24][1]            ; Merged with X_SERVER:xrand|matrix[26][1] ;
; X_SERVER:xrand|matrix[3][1]             ; Merged with X_SERVER:xrand|matrix[26][1] ;
; X_SERVER:xrand|matrix[33][1]            ; Merged with X_SERVER:xrand|matrix[61][1] ;
; X_SERVER:xrand|matrix[59][1]            ; Merged with X_SERVER:xrand|matrix[60][1] ;
; X_SERVER:xrand|matrix[27][2]            ; Merged with X_SERVER:xrand|matrix[60][2] ;
; X_SERVER:xrand|matrix[49][1]            ; Merged with X_SERVER:xrand|matrix[58][1] ;
; X_SERVER:xrand|matrix[53][1]            ; Merged with X_SERVER:xrand|matrix[56][1] ;
; X_SERVER:xrand|matrix[34][1]            ; Merged with X_SERVER:xrand|matrix[56][1] ;
; X_SERVER:xrand|matrix[22][2]            ; Merged with X_SERVER:xrand|matrix[56][2] ;
; X_SERVER:xrand|matrix[1][2]             ; Merged with X_SERVER:xrand|matrix[54][2] ;
; X_SERVER:xrand|matrix[21][1]            ; Merged with X_SERVER:xrand|matrix[52][1] ;
; X_SERVER:xrand|matrix[44][2]            ; Merged with X_SERVER:xrand|matrix[52][2] ;
; X_SERVER:xrand|matrix[26][1]            ; Merged with X_SERVER:xrand|matrix[51][1] ;
; X_SERVER:xrand|matrix[40][2]            ; Merged with X_SERVER:xrand|matrix[51][2] ;
; X_SERVER:xrand|matrix[5][2]             ; Merged with X_SERVER:xrand|matrix[51][2] ;
; X_SERVER:xrand|matrix[9][2]             ; Merged with X_SERVER:xrand|matrix[50][2] ;
; X_SERVER:xrand|matrix[30][2]            ; Merged with X_SERVER:xrand|matrix[50][2] ;
; X_SERVER:xrand|matrix[18][2]            ; Merged with X_SERVER:xrand|matrix[48][2] ;
; X_SERVER:xrand|matrix[15][2]            ; Merged with X_SERVER:xrand|matrix[46][2] ;
; X_SERVER:xrand|matrix[12][2]            ; Merged with X_SERVER:xrand|matrix[45][2] ;
; X_SERVER:xrand|matrix[6][2]             ; Merged with X_SERVER:xrand|matrix[45][2] ;
; X_SERVER:xrand|matrix[4][2]             ; Merged with X_SERVER:xrand|matrix[42][2] ;
; X_SERVER:xrand|matrix[10][2]            ; Merged with X_SERVER:xrand|matrix[36][2] ;
; X_SERVER:xrand|matrix[23][2]            ; Merged with X_SERVER:xrand|matrix[35][2] ;
; X_SERVER:xrand|matrix[13][2]            ; Merged with X_SERVER:xrand|matrix[33][2] ;
; X_SERVER:xrand|matrix[3][2]             ; Merged with X_SERVER:xrand|matrix[26][2] ;
; X_SERVER:xrand|matrix[14][2]            ; Merged with X_SERVER:xrand|matrix[19][2] ;
; X_SERVER:xrand|matrix[8][2]             ; Merged with X_SERVER:xrand|matrix[16][2] ;
; X_SERVER:xrand|matrix[7][2]             ; Merged with X_SERVER:xrand|matrix[11][2] ;
; X_SERVER:xrand|matrix[16][2]            ; Merged with X_SERVER:xrand|matrix[62][2] ;
; X_SERVER:xrand|matrix[32][2]            ; Merged with X_SERVER:xrand|matrix[61][2] ;
; X_SERVER:xrand|matrix[45][2]            ; Merged with X_SERVER:xrand|matrix[59][2] ;
; X_SERVER:xrand|matrix[49][2]            ; Merged with X_SERVER:xrand|matrix[58][2] ;
; X_SERVER:xrand|matrix[34][2]            ; Merged with X_SERVER:xrand|matrix[56][2] ;
; X_SERVER:xrand|matrix[22][3]            ; Merged with X_SERVER:xrand|matrix[56][3] ;
; X_SERVER:xrand|matrix[42][2]            ; Merged with X_SERVER:xrand|matrix[55][2] ;
; X_SERVER:xrand|matrix[19][2]            ; Merged with X_SERVER:xrand|matrix[53][2] ;
; X_SERVER:xrand|matrix[28][2]            ; Merged with X_SERVER:xrand|matrix[53][2] ;
; X_SERVER:xrand|matrix[44][3]            ; Merged with X_SERVER:xrand|matrix[52][3] ;
; X_SERVER:xrand|matrix[26][2]            ; Merged with X_SERVER:xrand|matrix[51][2] ;
; X_SERVER:xrand|matrix[36][2]            ; Merged with X_SERVER:xrand|matrix[48][2] ;
; X_SERVER:xrand|matrix[18][3]            ; Merged with X_SERVER:xrand|matrix[48][3] ;
; X_SERVER:xrand|matrix[25][2]            ; Merged with X_SERVER:xrand|matrix[47][2] ;
; X_SERVER:xrand|matrix[33][2]            ; Merged with X_SERVER:xrand|matrix[46][2] ;
; X_SERVER:xrand|matrix[15][3]            ; Merged with X_SERVER:xrand|matrix[46][3] ;
; X_SERVER:xrand|matrix[12][3]            ; Merged with X_SERVER:xrand|matrix[45][3] ;
; X_SERVER:xrand|matrix[21][2]            ; Merged with X_SERVER:xrand|matrix[37][2] ;
; X_SERVER:xrand|matrix[13][3]            ; Merged with X_SERVER:xrand|matrix[33][3] ;
; X_SERVER:xrand|matrix[16][3]            ; Merged with X_SERVER:xrand|matrix[62][3] ;
; X_SERVER:xrand|matrix[11][2]            ; Merged with X_SERVER:xrand|matrix[61][2] ;
; X_SERVER:xrand|matrix[32][3]            ; Merged with X_SERVER:xrand|matrix[61][3] ;
; X_SERVER:xrand|matrix[55][2]            ; Merged with X_SERVER:xrand|matrix[60][2] ;
; X_SERVER:xrand|matrix[6][3]             ; Merged with X_SERVER:xrand|matrix[59][3] ;
; X_SERVER:xrand|matrix[0][2]             ; Merged with X_SERVER:xrand|matrix[58][2] ;
; X_SERVER:xrand|matrix[22][4]            ; Merged with X_SERVER:xrand|matrix[56][4] ;
; X_SERVER:xrand|matrix[42][3]            ; Merged with X_SERVER:xrand|matrix[55][3] ;
; X_SERVER:xrand|matrix[4][3]             ; Merged with X_SERVER:xrand|matrix[55][3] ;
; X_SERVER:xrand|matrix[14][3]            ; Merged with X_SERVER:xrand|matrix[53][3] ;
; X_SERVER:xrand|matrix[3][3]             ; Merged with X_SERVER:xrand|matrix[51][3] ;
; X_SERVER:xrand|matrix[26][3]            ; Merged with X_SERVER:xrand|matrix[51][3] ;
; X_SERVER:xrand|matrix[2][2]             ; Merged with X_SERVER:xrand|matrix[48][2] ;
; X_SERVER:xrand|matrix[36][3]            ; Merged with X_SERVER:xrand|matrix[48][3] ;
; X_SERVER:xrand|matrix[18][4]            ; Merged with X_SERVER:xrand|matrix[48][4] ;
; X_SERVER:xrand|matrix[25][3]            ; Merged with X_SERVER:xrand|matrix[47][3] ;
; X_SERVER:xrand|matrix[12][4]            ; Merged with X_SERVER:xrand|matrix[45][4] ;
; X_SERVER:xrand|matrix[5][3]             ; Merged with X_SERVER:xrand|matrix[40][3] ;
; X_SERVER:xrand|matrix[23][3]            ; Merged with X_SERVER:xrand|matrix[35][3] ;
; X_SERVER:xrand|matrix[19][3]            ; Merged with X_SERVER:xrand|matrix[28][3] ;
; X_SERVER:xrand|matrix[7][3]             ; Merged with X_SERVER:xrand|matrix[61][3] ;
; X_SERVER:xrand|matrix[32][4]            ; Merged with X_SERVER:xrand|matrix[61][4] ;
; X_SERVER:xrand|matrix[52][1]            ; Merged with X_SERVER:xrand|matrix[58][1] ;
; X_SERVER:xrand|matrix[22][5]            ; Merged with X_SERVER:xrand|matrix[56][5] ;
; X_SERVER:xrand|matrix[27][3]            ; Merged with X_SERVER:xrand|matrix[55][3] ;
; X_SERVER:xrand|matrix[4][4]             ; Merged with X_SERVER:xrand|matrix[55][4] ;
; X_SERVER:xrand|matrix[9][3]             ; Merged with X_SERVER:xrand|matrix[50][3] ;
; X_SERVER:xrand|matrix[0][3]             ; Merged with X_SERVER:xrand|matrix[49][3] ;
; X_SERVER:xrand|matrix[33][3]            ; Merged with X_SERVER:xrand|matrix[46][3] ;
; X_SERVER:xrand|matrix[5][4]             ; Merged with X_SERVER:xrand|matrix[40][4] ;
; X_SERVER:xrand|matrix[23][4]            ; Merged with X_SERVER:xrand|matrix[35][4] ;
; X_SERVER:xrand|matrix[13][4]            ; Merged with X_SERVER:xrand|matrix[33][4] ;
; X_SERVER:xrand|matrix[24][2]            ; Merged with X_SERVER:xrand|matrix[29][2] ;
; X_SERVER:xrand|matrix[2][3]             ; Merged with X_SERVER:xrand|matrix[10][3] ;
; X_SERVER:xrand|matrix[51][1]            ; Merged with X_SERVER:xrand|matrix[62][1] ;
; X_SERVER:xrand|matrix[32][5]            ; Merged with X_SERVER:xrand|matrix[61][5] ;
; X_SERVER:xrand|matrix[47][2]            ; Merged with X_SERVER:xrand|matrix[54][2] ;
; X_SERVER:xrand|matrix[14][4]            ; Merged with X_SERVER:xrand|matrix[53][4] ;
; X_SERVER:xrand|matrix[23][5]            ; Merged with X_SERVER:xrand|matrix[35][5] ;
; X_SERVER:xrand|matrix[13][5]            ; Merged with X_SERVER:xrand|matrix[33][5] ;
; X_SERVER:xrand|matrix[24][3]            ; Merged with X_SERVER:xrand|matrix[29][3] ;
; X_SERVER:xrand|matrix[51][2]            ; Merged with X_SERVER:xrand|matrix[62][2] ;
; X_SERVER:xrand|matrix[32][6]            ; Merged with X_SERVER:xrand|matrix[61][6] ;
; X_SERVER:xrand|matrix[29][2]            ; Merged with X_SERVER:xrand|matrix[38][2] ;
; X_SERVER:xrand|matrix[15][4]            ; Merged with X_SERVER:xrand|matrix[33][4] ;
; X_SERVER:xrand|matrix[3][4]             ; Merged with X_SERVER:xrand|matrix[26][4] ;
; X_SERVER:xrand|matrix[34][3]            ; Merged with X_SERVER:xrand|matrix[56][3] ;
; X_SERVER:xrand|matrix[8][3]             ; Merged with X_SERVER:xrand|matrix[51][3] ;
; X_SERVER:xrand|matrix[37][2]            ; Merged with X_SERVER:xrand|matrix[50][2] ;
; X_SERVER:xrand|matrix[1][3]             ; Merged with X_SERVER:xrand|matrix[47][3] ;
; X_SERVER:xrand|matrix[27][4]            ; Merged with X_SERVER:xrand|matrix[42][4] ;
; X_SERVER:xrand|matrix[2][4]             ; Merged with X_SERVER:xrand|matrix[10][4] ;
; X_SERVER:xrand|matrix[34][4]            ; Merged with X_SERVER:xrand|matrix[56][4] ;
; X_SERVER:xrand|matrix[20][2]            ; Merged with X_SERVER:xrand|matrix[53][2] ;
; X_SERVER:xrand|matrix[21][3]            ; Merged with X_SERVER:xrand|matrix[50][3] ;
; X_SERVER:xrand|matrix[30][3]            ; Merged with X_SERVER:xrand|matrix[37][3] ;
; X_SERVER:xrand|matrix[2][5]             ; Merged with X_SERVER:xrand|matrix[10][5] ;
; X_SERVER:xrand|matrix[54][1]            ; Merged with X_SERVER:xrand|matrix[56][1] ;
; X_SERVER:xrand|matrix[21][4]            ; Merged with X_SERVER:xrand|matrix[50][4] ;
; X_SERVER:xrand|matrix[30][4]            ; Merged with X_SERVER:xrand|matrix[37][4] ;
; X_SERVER:xrand|matrix[13][6]            ; Merged with X_SERVER:xrand|matrix[33][6] ;
; X_SERVER:xrand|matrix[20][3]            ; Merged with X_SERVER:xrand|matrix[28][3] ;
; X_SERVER:xrand|matrix[1][4]             ; Merged with X_SERVER:xrand|matrix[25][4] ;
; X_SERVER:xrand|matrix[40][3]            ; Merged with X_SERVER:xrand|matrix[62][3] ;
; X_SERVER:xrand|matrix[52][2]            ; Merged with X_SERVER:xrand|matrix[58][2] ;
; X_SERVER:xrand|matrix[48][2]            ; Merged with X_SERVER:xrand|matrix[54][2] ;
; X_SERVER:xrand|matrix[35][2]            ; Merged with X_SERVER:xrand|matrix[53][2] ;
; X_SERVER:xrand|matrix[21][5]            ; Merged with X_SERVER:xrand|matrix[50][5] ;
; X_SERVER:xrand|matrix[20][4]            ; Merged with X_SERVER:xrand|matrix[28][4] ;
; X_SERVER:xrand|matrix[8][4]             ; Merged with X_SERVER:xrand|matrix[26][4] ;
; X_SERVER:xrand|matrix[1][5]             ; Merged with X_SERVER:xrand|matrix[25][5] ;
; X_SERVER:xrand|matrix[40][4]            ; Merged with X_SERVER:xrand|matrix[62][4] ;
; X_SERVER:xrand|matrix[52][3]            ; Merged with X_SERVER:xrand|matrix[58][3] ;
; X_SERVER:xrand|matrix[35][3]            ; Merged with X_SERVER:xrand|matrix[53][3] ;
; X_SERVER:xrand|matrix[10][3]            ; Merged with X_SERVER:xrand|matrix[47][3] ;
; X_SERVER:xrand|matrix[1][6]             ; Merged with X_SERVER:xrand|matrix[25][6] ;
; X_SERVER:xrand|matrix[16][4]            ; Merged with X_SERVER:xrand|matrix[62][4] ;
; X_SERVER:xrand|matrix[44][4]            ; Merged with X_SERVER:xrand|matrix[58][4] ;
; X_SERVER:xrand|matrix[10][4]            ; Merged with X_SERVER:xrand|matrix[47][4] ;
; X_SERVER:xrand|matrix[8][5]             ; Merged with X_SERVER:xrand|matrix[26][5] ;
; X_SERVER:xrand|matrix[40][5]            ; Merged with X_SERVER:xrand|matrix[62][5] ;
; X_SERVER:xrand|matrix[16][5]            ; Merged with X_SERVER:xrand|matrix[62][5] ;
; X_SERVER:xrand|matrix[44][5]            ; Merged with X_SERVER:xrand|matrix[58][5] ;
; X_SERVER:xrand|matrix[62][6]            ; Merged with X_SERVER:xrand|matrix[16][6] ;
; X_SERVER:xrand|matrix[61][1]            ; Merged with X_SERVER:xrand|matrix[60][1] ;
; X_SERVER:xrand|matrix[56][2]            ; Merged with X_SERVER:xrand|matrix[54][2] ;
; X_SERVER:xrand|matrix[54][3]            ; Merged with X_SERVER:xrand|matrix[48][3] ;
; X_SERVER:xrand|matrix[46][2]            ; Merged with X_SERVER:xrand|matrix[60][2] ;
; X_SERVER:xrand|matrix[61][2]            ; Merged with X_SERVER:xrand|matrix[59][2] ;
; X_SERVER:xrand|matrix[56][3]            ; Merged with X_SERVER:xrand|matrix[48][3] ;
; X_SERVER:xrand|matrix[54][4]            ; Merged with X_SERVER:xrand|matrix[48][4] ;
; X_SERVER:xrand|matrix[46][3]            ; Merged with X_SERVER:xrand|matrix[55][3] ;
; X_SERVER:xrand|matrix[61][3]            ; Merged with X_SERVER:xrand|matrix[59][3] ;
; X_SERVER:xrand|matrix[45][3]            ; Merged with X_SERVER:xrand|matrix[11][3] ;
; X_SERVER:xrand|matrix[36][4]            ; Merged with X_SERVER:xrand|matrix[56][4] ;
; X_SERVER:xrand|matrix[36][5]            ; Merged with X_SERVER:xrand|matrix[34][5] ;
; X_SERVER:xrand|matrix[46][4]            ; Merged with X_SERVER:xrand|matrix[55][4] ;
; X_SERVER:xrand|matrix[61][4]            ; Merged with X_SERVER:xrand|matrix[6][4]  ;
; X_SERVER:xrand|matrix[59][4]            ; Merged with X_SERVER:xrand|matrix[7][4]  ;
; X_SERVER:xrand|matrix[45][4]            ; Merged with X_SERVER:xrand|matrix[11][4] ;
; X_SERVER:xrand|matrix[42][4]            ; Merged with X_SERVER:xrand|matrix[33][4] ;
; X_SERVER:xrand|matrix[46][5]            ; Merged with X_SERVER:xrand|matrix[4][5]  ;
; X_SERVER:xrand|matrix[59][5]            ; Merged with X_SERVER:xrand|matrix[7][5]  ;
; X_SERVER:xrand|matrix[45][5]            ; Merged with X_SERVER:xrand|matrix[11][5] ;
; X_SERVER:xrand|matrix[27][5]            ; Merged with X_SERVER:xrand|matrix[33][5] ;
; X_SERVER:xrand|matrix[42][5]            ; Merged with X_SERVER:xrand|matrix[15][5] ;
; X_SERVER:xrand|matrix[54][5]            ; Merged with X_SERVER:xrand|matrix[18][5] ;
; X_SERVER:xrand|matrix[46][6]            ; Merged with X_SERVER:xrand|matrix[4][6]  ;
; X_SERVER:xrand|timer[25..31]            ; Lost fanout                              ;
; Total Number of Removed Registers = 324 ;                                          ;
+-----------------------------------------+------------------------------------------+


+------------------------------------------------------+
; General Register Statistics                          ;
+----------------------------------------------+-------+
; Statistic                                    ; Value ;
+----------------------------------------------+-------+
; Total registers                              ; 288   ;
; Number of registers using Synchronous Clear  ; 0     ;
; Number of registers using Synchronous Load   ; 0     ;
; Number of registers using Asynchronous Clear ; 23    ;
; Number of registers using Asynchronous Load  ; 0     ;
; Number of registers using Clock Enable       ; 218   ;
; Number of registers using Preset             ; 0     ;
+----------------------------------------------+-------+


+-----------------------------------------------------+
; Inverted Register Statistics                        ;
+-------------------------------------------+---------+
; Inverted Register                         ; Fan out ;
+-------------------------------------------+---------+
; hsync_r                                   ; 3       ;
; vsync_r                                   ; 2       ;
; X_SERVER:xrand|matrix[0][0]               ; 32      ;
; X_SERVER:xrand|matrix[56][1]              ; 23      ;
; X_SERVER:xrand|matrix[60][1]              ; 21      ;
; X_SERVER:xrand|matrix[50][2]              ; 10      ;
; X_SERVER:xrand|matrix[54][2]              ; 21      ;
; X_SERVER:xrand|matrix[59][2]              ; 16      ;
; X_SERVER:xrand|matrix[38][2]              ; 7       ;
; X_SERVER:xrand|matrix[50][3]              ; 6       ;
; X_SERVER:xrand|matrix[49][3]              ; 4       ;
; X_SERVER:xrand|matrix[28][3]              ; 6       ;
; X_SERVER:xrand|matrix[51][3]              ; 9       ;
; X_SERVER:xrand|matrix[55][3]              ; 15      ;
; X_SERVER:xrand|matrix[47][3]              ; 9       ;
; X_SERVER:xrand|matrix[59][3]              ; 9       ;
; X_SERVER:xrand|matrix[29][3]              ; 5       ;
; X_SERVER:xrand|matrix[53][4]              ; 4       ;
; X_SERVER:xrand|matrix[11][4]              ; 6       ;
; X_SERVER:xrand|matrix[37][4]              ; 4       ;
; X_SERVER:xrand|matrix[56][4]              ; 8       ;
; X_SERVER:xrand|matrix[62][4]              ; 9       ;
; X_SERVER:xrand|matrix[24][4]              ; 3       ;
; X_SERVER:xrand|matrix[26][4]              ; 6       ;
; X_SERVER:xrand|matrix[60][4]              ; 2       ;
; X_SERVER:xrand|matrix[55][4]              ; 6       ;
; X_SERVER:xrand|matrix[49][4]              ; 2       ;
; X_SERVER:xrand|matrix[25][4]              ; 4       ;
; X_SERVER:xrand|matrix[19][4]              ; 2       ;
; X_SERVER:xrand|matrix[6][4]               ; 6       ;
; X_SERVER:xrand|matrix[38][4]              ; 2       ;
; X_SERVER:xrand|matrix[52][4]              ; 2       ;
; X_SERVER:xrand|matrix[9][4]               ; 2       ;
; X_SERVER:xrand|matrix[49][7]              ; 2       ;
; X_SERVER:xrand|matrix[14][7]              ; 3       ;
; X_SERVER:xrand|matrix[21][7]              ; 2       ;
; X_SERVER:xrand|matrix[51][7]              ; 2       ;
; X_SERVER:xrand|matrix[50][7]              ; 2       ;
; X_SERVER:xrand|matrix[13][7]              ; 2       ;
; X_SERVER:xrand|matrix[44][7]              ; 2       ;
; X_SERVER:xrand|matrix[12][7]              ; 3       ;
; X_SERVER:xrand|matrix[45][7]              ; 2       ;
; X_SERVER:xrand|matrix[10][7]              ; 2       ;
; X_SERVER:xrand|matrix[9][7]               ; 2       ;
; X_SERVER:xrand|matrix[8][7]               ; 2       ;
; X_SERVER:xrand|matrix[3][7]               ; 3       ;
; X_SERVER:xrand|matrix[7][7]               ; 2       ;
; X_SERVER:xrand|matrix[36][7]              ; 2       ;
; X_SERVER:xrand|matrix[37][7]              ; 2       ;
; X_SERVER:xrand|matrix[4][7]               ; 2       ;
; X_SERVER:xrand|matrix[34][7]              ; 2       ;
; X_SERVER:xrand|matrix[29][7]              ; 3       ;
; X_SERVER:xrand|matrix[30][7]              ; 2       ;
; X_SERVER:xrand|matrix[28][7]              ; 2       ;
; X_SERVER:xrand|matrix[24][7]              ; 3       ;
; X_SERVER:xrand|matrix[25][7]              ; 2       ;
; X_SERVER:xrand|matrix[61][7]              ; 2       ;
; X_SERVER:xrand|matrix[62][7]              ; 2       ;
; X_SERVER:xrand|matrix[60][7]              ; 2       ;
; X_SERVER:xrand|matrix[18][6]              ; 2       ;
; X_SERVER:xrand|matrix[30][6]              ; 2       ;
; X_SERVER:xrand|matrix[56][6]              ; 2       ;
; X_SERVER:xrand|matrix[24][6]              ; 3       ;
; X_SERVER:xrand|matrix[37][6]              ; 2       ;
; X_SERVER:xrand|matrix[5][6]               ; 2       ;
; X_SERVER:xrand|matrix[45][6]              ; 2       ;
; X_SERVER:xrand|matrix[3][6]               ; 3       ;
; X_SERVER:xrand|matrix[35][6]              ; 2       ;
; X_SERVER:xrand|matrix[25][6]              ; 4       ;
; X_SERVER:xrand|matrix[15][6]              ; 2       ;
; X_SERVER:xrand|matrix[44][6]              ; 2       ;
; X_SERVER:xrand|matrix[34][6]              ; 2       ;
; X_SERVER:xrand|matrix[2][6]               ; 2       ;
; X_SERVER:xrand|matrix[8][6]               ; 2       ;
; X_SERVER:xrand|matrix[61][6]              ; 4       ;
; X_SERVER:xrand|matrix[0][6]               ; 2       ;
; X_SERVER:xrand|matrix[40][6]              ; 2       ;
; X_SERVER:xrand|matrix[6][6]               ; 2       ;
; X_SERVER:xrand|matrix[27][6]              ; 2       ;
; X_SERVER:xrand|matrix[59][6]              ; 2       ;
; X_SERVER:xrand|matrix[53][6]              ; 2       ;
; X_SERVER:xrand|matrix[21][6]              ; 2       ;
; X_SERVER:xrand|matrix[29][6]              ; 2       ;
; X_SERVER:xrand|matrix[28][5]              ; 2       ;
; X_SERVER:xrand|matrix[56][5]              ; 4       ;
; X_SERVER:xrand|matrix[24][5]              ; 3       ;
; X_SERVER:xrand|matrix[50][5]              ; 4       ;
; X_SERVER:xrand|matrix[18][5]              ; 3       ;
; X_SERVER:xrand|matrix[30][5]              ; 2       ;
; X_SERVER:xrand|matrix[33][5]              ; 6       ;
; X_SERVER:xrand|matrix[11][5]              ; 4       ;
; X_SERVER:xrand|matrix[7][5]               ; 4       ;
; X_SERVER:xrand|matrix[3][5]               ; 3       ;
; X_SERVER:xrand|matrix[5][5]               ; 2       ;
; X_SERVER:xrand|matrix[25][5]              ; 4       ;
; X_SERVER:xrand|matrix[4][5]               ; 4       ;
; X_SERVER:xrand|matrix[14][5]              ; 3       ;
; X_SERVER:xrand|matrix[61][5]              ; 4       ;
; X_SERVER:xrand|matrix[10][5]              ; 3       ;
; X_SERVER:xrand|matrix[19][5]              ; 2       ;
; Total number of inverted registers = 102* ;         ;
+-------------------------------------------+---------+
* Table truncated at 100 items. To change the number of inverted registers reported, set the "Number of Inverted Registers Reported" option under Assignments->Settings->Analysis and Synthesis Settings->More Settings


+--------------------------------------------------------------------------------------------+
; Registers Packed Into Inferred Megafunctions                                               ;
+----------------------------------------+--------------------------------------------+------+
; Register Name                          ; Megafunction                               ; Type ;
+----------------------------------------+--------------------------------------------+------+
; X_SERVER:xrand|CHARSET:charset|q[0..7] ; X_SERVER:xrand|CHARSET:charset|chart_rtl_0 ; RAM  ;
; X_SERVER:xrand|V_RAM:vram|q_a[0..9]    ; X_SERVER:xrand|V_RAM:vram|RAM_rtl_0        ; RAM  ;
+----------------------------------------+--------------------------------------------+------+


+------------------------------------------------------------------------------------------------------------------------------------------+
; Multiplexer Restructuring Statistics (Restructuring Performed)                                                                           ;
+--------------------+-----------+---------------+----------------------+------------------------+------------+----------------------------+
; Multiplexer Inputs ; Bus Width ; Baseline Area ; Area if Restructured ; Saving if Restructured ; Registered ; Example Multiplexer Output ;
+--------------------+-----------+---------------+----------------------+------------------------+------------+----------------------------+
; 3:1                ; 10 bits   ; 20 LEs        ; 10 LEs               ; 10 LEs                 ; Yes        ; |VGA_800X600|y_cnt[4]      ;
+--------------------+-----------+---------------+----------------------+------------------------+------------+----------------------------+


+-------------------------------------------------------------------------------------------------------------+
; Source assignments for X_SERVER:xrand|CHARSET:charset|altsyncram:chart_rtl_0|altsyncram_st61:auto_generated ;
+---------------------------------+--------------------+------+-----------------------------------------------+
; Assignment                      ; Value              ; From ; To                                            ;
+---------------------------------+--------------------+------+-----------------------------------------------+
; OPTIMIZE_POWER_DURING_SYNTHESIS ; NORMAL_COMPILATION ; -    ; -                                             ;
+---------------------------------+--------------------+------+-----------------------------------------------+


+------------------------------------------------------------------------------------------------------+
; Source assignments for X_SERVER:xrand|V_RAM:vram|altsyncram:RAM_rtl_0|altsyncram_iel1:auto_generated ;
+---------------------------------+--------------------+------+----------------------------------------+
; Assignment                      ; Value              ; From ; To                                     ;
+---------------------------------+--------------------+------+----------------------------------------+
; OPTIMIZE_POWER_DURING_SYNTHESIS ; NORMAL_COMPILATION ; -    ; -                                      ;
+---------------------------------+--------------------+------+----------------------------------------+


+--------------------------------------------------------------------------------------------------------+
; Parameter Settings for Inferred Entity Instance: X_SERVER:xrand|CHARSET:charset|altsyncram:chart_rtl_0 ;
+------------------------------------+----------------------------------------------+--------------------+
; Parameter Name                     ; Value                                        ; Type               ;
+------------------------------------+----------------------------------------------+--------------------+
; BYTE_SIZE_BLOCK                    ; 8                                            ; Untyped            ;
; AUTO_CARRY_CHAINS                  ; ON                                           ; AUTO_CARRY         ;
; IGNORE_CARRY_BUFFERS               ; OFF                                          ; IGNORE_CARRY       ;
; AUTO_CASCADE_CHAINS                ; ON                                           ; AUTO_CASCADE       ;
; IGNORE_CASCADE_BUFFERS             ; OFF                                          ; IGNORE_CASCADE     ;
; WIDTH_BYTEENA                      ; 1                                            ; Untyped            ;
; OPERATION_MODE                     ; ROM                                          ; Untyped            ;
; WIDTH_A                            ; 8                                            ; Untyped            ;
; WIDTHAD_A                          ; 12                                           ; Untyped            ;
; NUMWORDS_A                         ; 4096                                         ; Untyped            ;
; OUTDATA_REG_A                      ; UNREGISTERED                                 ; Untyped            ;
; ADDRESS_ACLR_A                     ; NONE                                         ; Untyped            ;
; OUTDATA_ACLR_A                     ; NONE                                         ; Untyped            ;
; WRCONTROL_ACLR_A                   ; NONE                                         ; Untyped            ;
; INDATA_ACLR_A                      ; NONE                                         ; Untyped            ;
; BYTEENA_ACLR_A                     ; NONE                                         ; Untyped            ;
; WIDTH_B                            ; 1                                            ; Untyped            ;
; WIDTHAD_B                          ; 1                                            ; Untyped            ;
; NUMWORDS_B                         ; 1                                            ; Untyped            ;
; INDATA_REG_B                       ; CLOCK1                                       ; Untyped            ;
; WRCONTROL_WRADDRESS_REG_B          ; CLOCK1                                       ; Untyped            ;
; RDCONTROL_REG_B                    ; CLOCK1                                       ; Untyped            ;
; ADDRESS_REG_B                      ; CLOCK1                                       ; Untyped            ;
; OUTDATA_REG_B                      ; UNREGISTERED                                 ; Untyped            ;
; BYTEENA_REG_B                      ; CLOCK1                                       ; Untyped            ;
; INDATA_ACLR_B                      ; NONE                                         ; Untyped            ;
; WRCONTROL_ACLR_B                   ; NONE                                         ; Untyped            ;
; ADDRESS_ACLR_B                     ; NONE                                         ; Untyped            ;
; OUTDATA_ACLR_B                     ; NONE                                         ; Untyped            ;
; RDCONTROL_ACLR_B                   ; NONE                                         ; Untyped            ;
; BYTEENA_ACLR_B                     ; NONE                                         ; Untyped            ;
; WIDTH_BYTEENA_A                    ; 1                                            ; Untyped            ;
; WIDTH_BYTEENA_B                    ; 1                                            ; Untyped            ;
; RAM_BLOCK_TYPE                     ; AUTO                                         ; Untyped            ;
; BYTE_SIZE                          ; 8                                            ; Untyped            ;
; READ_DURING_WRITE_MODE_MIXED_PORTS ; DONT_CARE                                    ; Untyped            ;
; READ_DURING_WRITE_MODE_PORT_A      ; NEW_DATA_NO_NBE_READ                         ; Untyped            ;
; READ_DURING_WRITE_MODE_PORT_B      ; NEW_DATA_NO_NBE_READ                         ; Untyped            ;
; INIT_FILE                          ; db/VGA_800X600.ram0_CHARSET_1c20b963.hdl.mif ; Untyped            ;
; INIT_FILE_LAYOUT                   ; PORT_A                                       ; Untyped            ;
; MAXIMUM_DEPTH                      ; 0                                            ; Untyped            ;
; CLOCK_ENABLE_INPUT_A               ; NORMAL                                       ; Untyped            ;
; CLOCK_ENABLE_INPUT_B               ; NORMAL                                       ; Untyped            ;
; CLOCK_ENABLE_OUTPUT_A              ; NORMAL                                       ; Untyped            ;
; CLOCK_ENABLE_OUTPUT_B              ; NORMAL                                       ; Untyped            ;
; CLOCK_ENABLE_CORE_A                ; USE_INPUT_CLKEN                              ; Untyped            ;
; CLOCK_ENABLE_CORE_B                ; USE_INPUT_CLKEN                              ; Untyped            ;
; ENABLE_ECC                         ; FALSE                                        ; Untyped            ;
; ECC_PIPELINE_STAGE_ENABLED         ; FALSE                                        ; Untyped            ;
; WIDTH_ECCSTATUS                    ; 3                                            ; Untyped            ;
; DEVICE_FAMILY                      ; Cyclone II                                   ; Untyped            ;
; CBXI_PARAMETER                     ; altsyncram_st61                              ; Untyped            ;
+------------------------------------+----------------------------------------------+--------------------+
Note: In order to hide this table in the UI and the text report file, please set the "Show Parameter Settings in Synthesis Report" option in "Analysis and Synthesis Settings -> More Settings" to "Off".


+-------------------------------------------------------------------------------------------------+
; Parameter Settings for Inferred Entity Instance: X_SERVER:xrand|V_RAM:vram|altsyncram:RAM_rtl_0 ;
+------------------------------------+-------------------------------------------+----------------+
; Parameter Name                     ; Value                                     ; Type           ;
+------------------------------------+-------------------------------------------+----------------+
; BYTE_SIZE_BLOCK                    ; 8                                         ; Untyped        ;
; AUTO_CARRY_CHAINS                  ; ON                                        ; AUTO_CARRY     ;
; IGNORE_CARRY_BUFFERS               ; OFF                                       ; IGNORE_CARRY   ;
; AUTO_CASCADE_CHAINS                ; ON                                        ; AUTO_CASCADE   ;
; IGNORE_CASCADE_BUFFERS             ; OFF                                       ; IGNORE_CASCADE ;
; WIDTH_BYTEENA                      ; 1                                         ; Untyped        ;
; OPERATION_MODE                     ; DUAL_PORT                                 ; Untyped        ;
; WIDTH_A                            ; 16                                        ; Untyped        ;
; WIDTHAD_A                          ; 11                                        ; Untyped        ;
; NUMWORDS_A                         ; 2048                                      ; Untyped        ;
; OUTDATA_REG_A                      ; UNREGISTERED                              ; Untyped        ;
; ADDRESS_ACLR_A                     ; NONE                                      ; Untyped        ;
; OUTDATA_ACLR_A                     ; NONE                                      ; Untyped        ;
; WRCONTROL_ACLR_A                   ; NONE                                      ; Untyped        ;
; INDATA_ACLR_A                      ; NONE                                      ; Untyped        ;
; BYTEENA_ACLR_A                     ; NONE                                      ; Untyped        ;
; WIDTH_B                            ; 16                                        ; Untyped        ;
; WIDTHAD_B                          ; 11                                        ; Untyped        ;
; NUMWORDS_B                         ; 2048                                      ; Untyped        ;
; INDATA_REG_B                       ; CLOCK1                                    ; Untyped        ;
; WRCONTROL_WRADDRESS_REG_B          ; CLOCK1                                    ; Untyped        ;
; RDCONTROL_REG_B                    ; CLOCK1                                    ; Untyped        ;
; ADDRESS_REG_B                      ; CLOCK0                                    ; Untyped        ;
; OUTDATA_REG_B                      ; UNREGISTERED                              ; Untyped        ;
; BYTEENA_REG_B                      ; CLOCK1                                    ; Untyped        ;
; INDATA_ACLR_B                      ; NONE                                      ; Untyped        ;
; WRCONTROL_ACLR_B                   ; NONE                                      ; Untyped        ;
; ADDRESS_ACLR_B                     ; NONE                                      ; Untyped        ;
; OUTDATA_ACLR_B                     ; NONE                                      ; Untyped        ;
; RDCONTROL_ACLR_B                   ; NONE                                      ; Untyped        ;
; BYTEENA_ACLR_B                     ; NONE                                      ; Untyped        ;
; WIDTH_BYTEENA_A                    ; 1                                         ; Untyped        ;
; WIDTH_BYTEENA_B                    ; 1                                         ; Untyped        ;
; RAM_BLOCK_TYPE                     ; AUTO                                      ; Untyped        ;
; BYTE_SIZE                          ; 8                                         ; Untyped        ;
; READ_DURING_WRITE_MODE_MIXED_PORTS ; OLD_DATA                                  ; Untyped        ;
; READ_DURING_WRITE_MODE_PORT_A      ; NEW_DATA_NO_NBE_READ                      ; Untyped        ;
; READ_DURING_WRITE_MODE_PORT_B      ; NEW_DATA_NO_NBE_READ                      ; Untyped        ;
; INIT_FILE                          ; db/VGA_800X600.ram0_V_RAM_5ee8774.hdl.mif ; Untyped        ;
; INIT_FILE_LAYOUT                   ; PORT_A                                    ; Untyped        ;
; MAXIMUM_DEPTH                      ; 0                                         ; Untyped        ;
; CLOCK_ENABLE_INPUT_A               ; NORMAL                                    ; Untyped        ;
; CLOCK_ENABLE_INPUT_B               ; NORMAL                                    ; Untyped        ;
; CLOCK_ENABLE_OUTPUT_A              ; NORMAL                                    ; Untyped        ;
; CLOCK_ENABLE_OUTPUT_B              ; NORMAL                                    ; Untyped        ;
; CLOCK_ENABLE_CORE_A                ; USE_INPUT_CLKEN                           ; Untyped        ;
; CLOCK_ENABLE_CORE_B                ; USE_INPUT_CLKEN                           ; Untyped        ;
; ENABLE_ECC                         ; FALSE                                     ; Untyped        ;
; ECC_PIPELINE_STAGE_ENABLED         ; FALSE                                     ; Untyped        ;
; WIDTH_ECCSTATUS                    ; 3                                         ; Untyped        ;
; DEVICE_FAMILY                      ; Cyclone II                                ; Untyped        ;
; CBXI_PARAMETER                     ; altsyncram_iel1                           ; Untyped        ;
+------------------------------------+-------------------------------------------+----------------+
Note: In order to hide this table in the UI and the text report file, please set the "Show Parameter Settings in Synthesis Report" option in "Analysis and Synthesis Settings -> More Settings" to "Off".


+---------------------------------------------------------------------------------------------------+
; altsyncram Parameter Settings by Entity Instance                                                  ;
+-------------------------------------------+-------------------------------------------------------+
; Name                                      ; Value                                                 ;
+-------------------------------------------+-------------------------------------------------------+
; Number of entity instances                ; 2                                                     ;
; Entity Instance                           ; X_SERVER:xrand|CHARSET:charset|altsyncram:chart_rtl_0 ;
;     -- OPERATION_MODE                     ; ROM                                                   ;
;     -- WIDTH_A                            ; 8                                                     ;
;     -- NUMWORDS_A                         ; 4096                                                  ;
;     -- OUTDATA_REG_A                      ; UNREGISTERED                                          ;
;     -- WIDTH_B                            ; 1                                                     ;
;     -- NUMWORDS_B                         ; 1                                                     ;
;     -- ADDRESS_REG_B                      ; CLOCK1                                                ;
;     -- OUTDATA_REG_B                      ; UNREGISTERED                                          ;
;     -- RAM_BLOCK_TYPE                     ; AUTO                                                  ;
;     -- READ_DURING_WRITE_MODE_MIXED_PORTS ; DONT_CARE                                             ;
; Entity Instance                           ; X_SERVER:xrand|V_RAM:vram|altsyncram:RAM_rtl_0        ;
;     -- OPERATION_MODE                     ; DUAL_PORT                                             ;
;     -- WIDTH_A                            ; 16                                                    ;
;     -- NUMWORDS_A                         ; 2048                                                  ;
;     -- OUTDATA_REG_A                      ; UNREGISTERED                                          ;
;     -- WIDTH_B                            ; 16                                                    ;
;     -- NUMWORDS_B                         ; 2048                                                  ;
;     -- ADDRESS_REG_B                      ; CLOCK0                                                ;
;     -- OUTDATA_REG_B                      ; UNREGISTERED                                          ;
;     -- RAM_BLOCK_TYPE                     ; AUTO                                                  ;
;     -- READ_DURING_WRITE_MODE_MIXED_PORTS ; OLD_DATA                                              ;
+-------------------------------------------+-------------------------------------------------------+


+--------------------------------------------------------------------------------------------------------------------------------------------+
; Port Connectivity Checks: "X_SERVER:xrand|V_RAM:vram"                                                                                      ;
+-------------+--------+----------+----------------------------------------------------------------------------------------------------------+
; Port        ; Type   ; Severity ; Details                                                                                                  ;
+-------------+--------+----------+----------------------------------------------------------------------------------------------------------+
; data_a      ; Input  ; Info     ; Stuck at GND                                                                                             ;
; we_a        ; Input  ; Info     ; Stuck at GND                                                                                             ;
; q_a[15..10] ; Output ; Info     ; Connected to dangling logic. Logic that only feeds a dangling port will be removed.                      ;
; q_b         ; Output ; Warning  ; Declared by entity but not connected by instance. Logic that only feeds a dangling port will be removed. ;
+-------------+--------+----------+----------------------------------------------------------------------------------------------------------+


+-------------------------------+
; Elapsed Time Per Partition    ;
+----------------+--------------+
; Partition Name ; Elapsed Time ;
+----------------+--------------+
; Top            ; 00:00:02     ;
+----------------+--------------+


+-------------------------------+
; Analysis & Synthesis Messages ;
+-------------------------------+
Info: *******************************************************************
Info: Running Quartus II 64-Bit Analysis & Synthesis
    Info: Version 13.0.1 Build 232 06/12/2013 Service Pack 1 SJ Web Edition
    Info: Processing started: Sun Feb 07 23:27:21 2016
Info: Command: quartus_map --read_settings_files=on --write_settings_files=off VGA_800X600 -c VGA_800X600
Warning (20028): Parallel compilation is not licensed and has been disabled
Info (12021): Found 1 design units, including 1 entities, in source file x_server.v
    Info (12023): Found entity 1: X_SERVER
Info (12021): Found 1 design units, including 1 entities, in source file charset.v
    Info (12023): Found entity 1: CHARSET
Info (12021): Found 1 design units, including 1 entities, in source file vga_800x600.v
    Info (12023): Found entity 1: VGA_800X600
Info (12021): Found 1 design units, including 1 entities, in source file ram.v
    Info (12023): Found entity 1: V_RAM
Warning (10227): Verilog HDL Port Declaration warning at CHARSET.v(6): data type declaration for "addr" declares packed dimensions but the port declaration declaration does not
Info (10499): HDL info at CHARSET.v(3): see declaration for object "addr"
Warning (10227): Verilog HDL Port Declaration warning at CHARSET.v(8): data type declaration for "q" declares packed dimensions but the port declaration declaration does not
Info (10499): HDL info at CHARSET.v(4): see declaration for object "q"
Info (12127): Elaborating entity "VGA_800X600" for the top level hierarchy
Warning (10230): Verilog HDL assignment warning at VGA_800X600.v(36): truncated value with size 11 to match size of target (10)
Info (12128): Elaborating entity "X_SERVER" for hierarchy "X_SERVER:xrand"
Warning (10230): Verilog HDL assignment warning at X_SERVER.v(68): truncated value with size 32 to match size of target (8)
Warning (10230): Verilog HDL assignment warning at X_SERVER.v(74): truncated value with size 32 to match size of target (6)
Warning (10230): Verilog HDL assignment warning at X_SERVER.v(83): truncated value with size 32 to match size of target (8)
Info (12128): Elaborating entity "V_RAM" for hierarchy "X_SERVER:xrand|V_RAM:vram"
Info (12128): Elaborating entity "CHARSET" for hierarchy "X_SERVER:xrand|CHARSET:charset"
Warning (10030): Net "chart.data_a" at CHARSET.v(9) has no driver or initial value, using a default initial value '0'
Warning (10030): Net "chart.waddr_a" at CHARSET.v(9) has no driver or initial value, using a default initial value '0'
Warning (10030): Net "chart.we_a" at CHARSET.v(9) has no driver or initial value, using a default initial value '0'
Info (19000): Inferred 2 megafunctions from design logic
    Info (276029): Inferred altsyncram megafunction from the following design logic: "X_SERVER:xrand|CHARSET:charset|chart_rtl_0" 
        Info (286033): Parameter OPERATION_MODE set to ROM
        Info (286033): Parameter WIDTH_A set to 8
        Info (286033): Parameter WIDTHAD_A set to 12
        Info (286033): Parameter NUMWORDS_A set to 4096
        Info (286033): Parameter OUTDATA_REG_A set to UNREGISTERED
        Info (286033): Parameter ADDRESS_ACLR_A set to NONE
        Info (286033): Parameter OUTDATA_ACLR_A set to NONE
        Info (286033): Parameter INDATA_ACLR_A set to NONE
        Info (286033): Parameter WRCONTROL_ACLR_A set to NONE
        Info (286033): Parameter INIT_FILE set to db/VGA_800X600.ram0_CHARSET_1c20b963.hdl.mif
    Info (276029): Inferred altsyncram megafunction from the following design logic: "X_SERVER:xrand|V_RAM:vram|RAM_rtl_0" 
        Info (286033): Parameter OPERATION_MODE set to DUAL_PORT
        Info (286033): Parameter WIDTH_A set to 16
        Info (286033): Parameter WIDTHAD_A set to 11
        Info (286033): Parameter NUMWORDS_A set to 2048
        Info (286033): Parameter WIDTH_B set to 16
        Info (286033): Parameter WIDTHAD_B set to 11
        Info (286033): Parameter NUMWORDS_B set to 2048
        Info (286033): Parameter ADDRESS_ACLR_A set to NONE
        Info (286033): Parameter OUTDATA_REG_B set to UNREGISTERED
        Info (286033): Parameter ADDRESS_ACLR_B set to NONE
        Info (286033): Parameter OUTDATA_ACLR_B set to NONE
        Info (286033): Parameter ADDRESS_REG_B set to CLOCK0
        Info (286033): Parameter INDATA_ACLR_A set to NONE
        Info (286033): Parameter WRCONTROL_ACLR_A set to NONE
        Info (286033): Parameter INIT_FILE set to db/VGA_800X600.ram0_V_RAM_5ee8774.hdl.mif
        Info (286033): Parameter READ_DURING_WRITE_MODE_MIXED_PORTS set to OLD_DATA
Info (12130): Elaborated megafunction instantiation "X_SERVER:xrand|CHARSET:charset|altsyncram:chart_rtl_0"
Info (12133): Instantiated megafunction "X_SERVER:xrand|CHARSET:charset|altsyncram:chart_rtl_0" with the following parameter:
    Info (12134): Parameter "OPERATION_MODE" = "ROM"
    Info (12134): Parameter "WIDTH_A" = "8"
    Info (12134): Parameter "WIDTHAD_A" = "12"
    Info (12134): Parameter "NUMWORDS_A" = "4096"
    Info (12134): Parameter "OUTDATA_REG_A" = "UNREGISTERED"
    Info (12134): Parameter "ADDRESS_ACLR_A" = "NONE"
    Info (12134): Parameter "OUTDATA_ACLR_A" = "NONE"
    Info (12134): Parameter "INDATA_ACLR_A" = "NONE"
    Info (12134): Parameter "WRCONTROL_ACLR_A" = "NONE"
    Info (12134): Parameter "INIT_FILE" = "db/VGA_800X600.ram0_CHARSET_1c20b963.hdl.mif"
Info (12021): Found 1 design units, including 1 entities, in source file db/altsyncram_st61.tdf
    Info (12023): Found entity 1: altsyncram_st61
Info (12130): Elaborated megafunction instantiation "X_SERVER:xrand|V_RAM:vram|altsyncram:RAM_rtl_0"
Info (12133): Instantiated megafunction "X_SERVER:xrand|V_RAM:vram|altsyncram:RAM_rtl_0" with the following parameter:
    Info (12134): Parameter "OPERATION_MODE" = "DUAL_PORT"
    Info (12134): Parameter "WIDTH_A" = "16"
    Info (12134): Parameter "WIDTHAD_A" = "11"
    Info (12134): Parameter "NUMWORDS_A" = "2048"
    Info (12134): Parameter "WIDTH_B" = "16"
    Info (12134): Parameter "WIDTHAD_B" = "11"
    Info (12134): Parameter "NUMWORDS_B" = "2048"
    Info (12134): Parameter "ADDRESS_ACLR_A" = "NONE"
    Info (12134): Parameter "OUTDATA_REG_B" = "UNREGISTERED"
    Info (12134): Parameter "ADDRESS_ACLR_B" = "NONE"
    Info (12134): Parameter "OUTDATA_ACLR_B" = "NONE"
    Info (12134): Parameter "ADDRESS_REG_B" = "CLOCK0"
    Info (12134): Parameter "INDATA_ACLR_A" = "NONE"
    Info (12134): Parameter "WRCONTROL_ACLR_A" = "NONE"
    Info (12134): Parameter "INIT_FILE" = "db/VGA_800X600.ram0_V_RAM_5ee8774.hdl.mif"
    Info (12134): Parameter "READ_DURING_WRITE_MODE_MIXED_PORTS" = "OLD_DATA"
Info (12021): Found 1 design units, including 1 entities, in source file db/altsyncram_iel1.tdf
    Info (12023): Found entity 1: altsyncram_iel1
Warning (14284): Synthesized away the following node(s):
    Warning (14285): Synthesized away the following RAM node(s):
        Warning (14320): Synthesized away node "X_SERVER:xrand|V_RAM:vram|altsyncram:RAM_rtl_0|altsyncram_iel1:auto_generated|ram_block1a10"
        Warning (14320): Synthesized away node "X_SERVER:xrand|V_RAM:vram|altsyncram:RAM_rtl_0|altsyncram_iel1:auto_generated|ram_block1a11"
        Warning (14320): Synthesized away node "X_SERVER:xrand|V_RAM:vram|altsyncram:RAM_rtl_0|altsyncram_iel1:auto_generated|ram_block1a12"
        Warning (14320): Synthesized away node "X_SERVER:xrand|V_RAM:vram|altsyncram:RAM_rtl_0|altsyncram_iel1:auto_generated|ram_block1a13"
        Warning (14320): Synthesized away node "X_SERVER:xrand|V_RAM:vram|altsyncram:RAM_rtl_0|altsyncram_iel1:auto_generated|ram_block1a14"
        Warning (14320): Synthesized away node "X_SERVER:xrand|V_RAM:vram|altsyncram:RAM_rtl_0|altsyncram_iel1:auto_generated|ram_block1a15"
Warning (12241): 1 hierarchies have connectivity warnings - see the Connectivity Checks report folder
Info (13000): Registers with preset signals will power-up high
Info (13003): DEV_CLRn pin will set, and not reset, register with preset signal due to NOT Gate Push-Back
Warning (13024): Output pins are stuck at VCC or GND
    Warning (13410): Pin "vga_r" is stuck at GND
    Warning (13410): Pin "vga_b" is stuck at GND
Info (17049): 7 registers lost all their fanouts during netlist optimizations.
Info (144001): Generated suppressed messages file C:/Users/re_de/dev/gpu/29 VGA display a rectangular/VGA_800X600.map.smsg
Info (16010): Generating hard_block partition "hard_block:auto_generated_inst"
    Info (16011): Adding 0 node(s), including 0 DDIO, 0 PLL, 0 transceiver and 0 LCELL
Info (21057): Implemented 940 device resources after synthesis - the final resource count might be different
    Info (21058): Implemented 2 input pins
    Info (21059): Implemented 5 output pins
    Info (21061): Implemented 915 logic cells
    Info (21064): Implemented 18 RAM segments
Info: Quartus II 64-Bit Analysis & Synthesis was successful. 0 errors, 22 warnings
    Info: Peak virtual memory: 507 megabytes
    Info: Processing ended: Sun Feb 07 23:27:25 2016
    Info: Elapsed time: 00:00:04
    Info: Total CPU time (on all processors): 00:00:04


+------------------------------------------+
; Analysis & Synthesis Suppressed Messages ;
+------------------------------------------+
The suppressed messages can be found in C:/Users/re_de/dev/gpu/29 VGA display a rectangular/VGA_800X600.map.smsg.


