Classic Timing Analyzer report for VGA_800X600
Thu Jan 27 20:06:47 2011
Quartus II Version 9.0 Build 235 06/17/2009 Service Pack 2 SJ Web Edition


---------------------
; Table of Contents ;
---------------------
  1. Legal Notice
  2. Timing Analyzer Summary
  3. Timing Analyzer Settings
  4. Clock Settings Summary
  5. Clock Setup: 'clk'
  6. tco
  7. Timing Analyzer Messages



----------------
; Legal Notice ;
----------------
Copyright (C) 1991-2009 Altera Corporation
Your use of Altera Corporation's design tools, logic functions 
and other software and tools, and its AMPP partner logic 
functions, and any output files from any of the foregoing 
(including device programming or simulation files), and any 
associated documentation or information are expressly subject 
to the terms and conditions of the Altera Program License 
Subscription Agreement, Altera MegaCore Function License 
Agreement, or other applicable license agreement, including, 
without limitation, that your use is for the sole purpose of 
programming logic devices manufactured by Altera and sold by 
Altera or its authorized distributors.  Please refer to the 
applicable agreement for further details.



+------------------------------------------------------------------------------------------------------------------------------------------------------+
; Timing Analyzer Summary                                                                                                                              ;
+------------------------------+-------+---------------+----------------------------------+----------+----------+------------+----------+--------------+
; Type                         ; Slack ; Required Time ; Actual Time                      ; From     ; To       ; From Clock ; To Clock ; Failed Paths ;
+------------------------------+-------+---------------+----------------------------------+----------+----------+------------+----------+--------------+
; Worst-case tco               ; N/A   ; None          ; 16.809 ns                        ; x_cnt[0] ; vga_g    ; clk        ; --       ; 0            ;
; Clock Setup: 'clk'           ; N/A   ; None          ; 182.22 MHz ( period = 5.488 ns ) ; x_cnt[6] ; y_cnt[9] ; clk        ; clk      ; 0            ;
; Total number of failed paths ;       ;               ;                                  ;          ;          ;            ;          ; 0            ;
+------------------------------+-------+---------------+----------------------------------+----------+----------+------------+----------+--------------+


+--------------------------------------------------------------------------------------------------------------------+
; Timing Analyzer Settings                                                                                           ;
+---------------------------------------------------------------------+--------------------+------+----+-------------+
; Option                                                              ; Setting            ; From ; To ; Entity Name ;
+---------------------------------------------------------------------+--------------------+------+----+-------------+
; Device Name                                                         ; EP2C8Q208C8        ;      ;    ;             ;
; Timing Models                                                       ; Final              ;      ;    ;             ;
; Default hold multicycle                                             ; Same as Multicycle ;      ;    ;             ;
; Cut paths between unrelated clock domains                           ; On                 ;      ;    ;             ;
; Cut off read during write signal paths                              ; On                 ;      ;    ;             ;
; Cut off feedback from I/O pins                                      ; On                 ;      ;    ;             ;
; Report Combined Fast/Slow Timing                                    ; Off                ;      ;    ;             ;
; Ignore Clock Settings                                               ; Off                ;      ;    ;             ;
; Analyze latches as synchronous elements                             ; On                 ;      ;    ;             ;
; Enable Recovery/Removal analysis                                    ; Off                ;      ;    ;             ;
; Enable Clock Latency                                                ; Off                ;      ;    ;             ;
; Use TimeQuest Timing Analyzer                                       ; Off                ;      ;    ;             ;
; Minimum Core Junction Temperature                                   ; 0                  ;      ;    ;             ;
; Maximum Core Junction Temperature                                   ; 85                 ;      ;    ;             ;
; Number of source nodes to report per destination node               ; 10                 ;      ;    ;             ;
; Number of destination nodes to report                               ; 10                 ;      ;    ;             ;
; Number of paths to report                                           ; 200                ;      ;    ;             ;
; Report Minimum Timing Checks                                        ; Off                ;      ;    ;             ;
; Use Fast Timing Models                                              ; Off                ;      ;    ;             ;
; Report IO Paths Separately                                          ; Off                ;      ;    ;             ;
; Perform Multicorner Analysis                                        ; On                 ;      ;    ;             ;
; Reports the worst-case path for each clock domain and analysis      ; Off                ;      ;    ;             ;
; Removes common clock path pessimism (CCPP) during slack computation ; Off                ;      ;    ;             ;
; Output I/O Timing Endpoint                                          ; Near End           ;      ;    ;             ;
+---------------------------------------------------------------------+--------------------+------+----+-------------+


+------------------------------------------------------------------------------------------------------------------------------------------------------------------------------------+
; Clock Settings Summary                                                                                                                                                             ;
+-----------------+--------------------+----------+------------------+---------------+--------------+----------+-----------------------+---------------------+--------+--------------+
; Clock Node Name ; Clock Setting Name ; Type     ; Fmax Requirement ; Early Latency ; Late Latency ; Based on ; Multiply Base Fmax by ; Divide Base Fmax by ; Offset ; Phase offset ;
+-----------------+--------------------+----------+------------------+---------------+--------------+----------+-----------------------+---------------------+--------+--------------+
; clk             ;                    ; User Pin ; None             ; 0.000 ns      ; 0.000 ns     ; --       ; N/A                   ; N/A                 ; N/A    ;              ;
+-----------------+--------------------+----------+------------------+---------------+--------------+----------+-----------------------+---------------------+--------+--------------+


+-----------------------------------------------------------------------------------------------------------------------------------------------------------------------------------------------------------------------------------+
; Clock Setup: 'clk'                                                                                                                                                                                                                ;
+-----------------------------------------+-----------------------------------------------------+-----------+-----------+------------+----------+-----------------------------+---------------------------+-------------------------+
; Slack                                   ; Actual fmax (period)                                ; From      ; To        ; From Clock ; To Clock ; Required Setup Relationship ; Required Longest P2P Time ; Actual Longest P2P Time ;
+-----------------------------------------+-----------------------------------------------------+-----------+-----------+------------+----------+-----------------------------+---------------------------+-------------------------+
; N/A                                     ; 182.22 MHz ( period = 5.488 ns )                    ; x_cnt[6]  ; y_cnt[9]  ; clk        ; clk      ; None                        ; None                      ; 5.224 ns                ;
; N/A                                     ; 185.12 MHz ( period = 5.402 ns )                    ; x_cnt[6]  ; y_cnt[8]  ; clk        ; clk      ; None                        ; None                      ; 5.138 ns                ;
; N/A                                     ; 186.15 MHz ( period = 5.372 ns )                    ; x_cnt[1]  ; y_cnt[9]  ; clk        ; clk      ; None                        ; None                      ; 5.108 ns                ;
; N/A                                     ; 186.60 MHz ( period = 5.359 ns )                    ; x_cnt[10] ; y_cnt[9]  ; clk        ; clk      ; None                        ; None                      ; 5.095 ns                ;
; N/A                                     ; 187.62 MHz ( period = 5.330 ns )                    ; x_cnt[8]  ; y_cnt[9]  ; clk        ; clk      ; None                        ; None                      ; 5.066 ns                ;
; N/A                                     ; 188.11 MHz ( period = 5.316 ns )                    ; x_cnt[6]  ; y_cnt[7]  ; clk        ; clk      ; None                        ; None                      ; 5.052 ns                ;
; N/A                                     ; 189.18 MHz ( period = 5.286 ns )                    ; x_cnt[1]  ; y_cnt[8]  ; clk        ; clk      ; None                        ; None                      ; 5.022 ns                ;
; N/A                                     ; 189.65 MHz ( period = 5.273 ns )                    ; x_cnt[10] ; y_cnt[8]  ; clk        ; clk      ; None                        ; None                      ; 5.009 ns                ;
; N/A                                     ; 190.69 MHz ( period = 5.244 ns )                    ; x_cnt[8]  ; y_cnt[8]  ; clk        ; clk      ; None                        ; None                      ; 4.980 ns                ;
; N/A                                     ; 191.20 MHz ( period = 5.230 ns )                    ; x_cnt[6]  ; y_cnt[6]  ; clk        ; clk      ; None                        ; None                      ; 4.966 ns                ;
; N/A                                     ; 192.31 MHz ( period = 5.200 ns )                    ; x_cnt[1]  ; y_cnt[7]  ; clk        ; clk      ; None                        ; None                      ; 4.936 ns                ;
; N/A                                     ; 192.79 MHz ( period = 5.187 ns )                    ; x_cnt[10] ; y_cnt[7]  ; clk        ; clk      ; None                        ; None                      ; 4.923 ns                ;
; N/A                                     ; 193.87 MHz ( period = 5.158 ns )                    ; x_cnt[8]  ; y_cnt[7]  ; clk        ; clk      ; None                        ; None                      ; 4.894 ns                ;
; N/A                                     ; 194.40 MHz ( period = 5.144 ns )                    ; x_cnt[6]  ; y_cnt[5]  ; clk        ; clk      ; None                        ; None                      ; 4.880 ns                ;
; N/A                                     ; 195.54 MHz ( period = 5.114 ns )                    ; x_cnt[1]  ; y_cnt[6]  ; clk        ; clk      ; None                        ; None                      ; 4.850 ns                ;
; N/A                                     ; 196.04 MHz ( period = 5.101 ns )                    ; x_cnt[10] ; y_cnt[6]  ; clk        ; clk      ; None                        ; None                      ; 4.837 ns                ;
; N/A                                     ; 196.89 MHz ( period = 5.079 ns )                    ; x_cnt[9]  ; y_cnt[9]  ; clk        ; clk      ; None                        ; None                      ; 4.815 ns                ;
; N/A                                     ; 197.16 MHz ( period = 5.072 ns )                    ; x_cnt[8]  ; y_cnt[6]  ; clk        ; clk      ; None                        ; None                      ; 4.808 ns                ;
; N/A                                     ; 198.89 MHz ( period = 5.028 ns )                    ; x_cnt[1]  ; y_cnt[5]  ; clk        ; clk      ; None                        ; None                      ; 4.764 ns                ;
; N/A                                     ; 199.40 MHz ( period = 5.015 ns )                    ; x_cnt[10] ; y_cnt[5]  ; clk        ; clk      ; None                        ; None                      ; 4.751 ns                ;
; N/A                                     ; 200.28 MHz ( period = 4.993 ns )                    ; x_cnt[9]  ; y_cnt[8]  ; clk        ; clk      ; None                        ; None                      ; 4.729 ns                ;
; N/A                                     ; 200.56 MHz ( period = 4.986 ns )                    ; x_cnt[8]  ; y_cnt[5]  ; clk        ; clk      ; None                        ; None                      ; 4.722 ns                ;
; N/A                                     ; 200.96 MHz ( period = 4.976 ns )                    ; y_cnt[6]  ; y_cnt[0]  ; clk        ; clk      ; None                        ; None                      ; 4.712 ns                ;
; N/A                                     ; 200.96 MHz ( period = 4.976 ns )                    ; y_cnt[6]  ; y_cnt[9]  ; clk        ; clk      ; None                        ; None                      ; 4.712 ns                ;
; N/A                                     ; 200.96 MHz ( period = 4.976 ns )                    ; y_cnt[6]  ; y_cnt[4]  ; clk        ; clk      ; None                        ; None                      ; 4.712 ns                ;
; N/A                                     ; 200.96 MHz ( period = 4.976 ns )                    ; y_cnt[6]  ; y_cnt[3]  ; clk        ; clk      ; None                        ; None                      ; 4.712 ns                ;
; N/A                                     ; 200.96 MHz ( period = 4.976 ns )                    ; y_cnt[6]  ; y_cnt[7]  ; clk        ; clk      ; None                        ; None                      ; 4.712 ns                ;
; N/A                                     ; 200.96 MHz ( period = 4.976 ns )                    ; y_cnt[6]  ; y_cnt[2]  ; clk        ; clk      ; None                        ; None                      ; 4.712 ns                ;
; N/A                                     ; 200.96 MHz ( period = 4.976 ns )                    ; y_cnt[6]  ; y_cnt[1]  ; clk        ; clk      ; None                        ; None                      ; 4.712 ns                ;
; N/A                                     ; 200.96 MHz ( period = 4.976 ns )                    ; y_cnt[6]  ; y_cnt[6]  ; clk        ; clk      ; None                        ; None                      ; 4.712 ns                ;
; N/A                                     ; 200.96 MHz ( period = 4.976 ns )                    ; y_cnt[6]  ; y_cnt[5]  ; clk        ; clk      ; None                        ; None                      ; 4.712 ns                ;
; N/A                                     ; 200.96 MHz ( period = 4.976 ns )                    ; y_cnt[6]  ; y_cnt[8]  ; clk        ; clk      ; None                        ; None                      ; 4.712 ns                ;
; N/A                                     ; 201.86 MHz ( period = 4.954 ns )                    ; x_cnt[6]  ; y_cnt[4]  ; clk        ; clk      ; None                        ; None                      ; 4.690 ns                ;
; N/A                                     ; 202.72 MHz ( period = 4.933 ns )                    ; x_cnt[2]  ; y_cnt[9]  ; clk        ; clk      ; None                        ; None                      ; 4.669 ns                ;
; N/A                                     ; 202.76 MHz ( period = 4.932 ns )                    ; x_cnt[0]  ; y_cnt[9]  ; clk        ; clk      ; None                        ; None                      ; 4.668 ns                ;
; N/A                                     ; 203.79 MHz ( period = 4.907 ns )                    ; x_cnt[9]  ; y_cnt[7]  ; clk        ; clk      ; None                        ; None                      ; 4.643 ns                ;
; N/A                                     ; 204.46 MHz ( period = 4.891 ns )                    ; x_cnt[5]  ; y_cnt[9]  ; clk        ; clk      ; None                        ; None                      ; 4.627 ns                ;
; N/A                                     ; 205.42 MHz ( period = 4.868 ns )                    ; x_cnt[6]  ; y_cnt[3]  ; clk        ; clk      ; None                        ; None                      ; 4.604 ns                ;
; N/A                                     ; 205.97 MHz ( period = 4.855 ns )                    ; x_cnt[4]  ; y_cnt[9]  ; clk        ; clk      ; None                        ; None                      ; 4.591 ns                ;
; N/A                                     ; 206.31 MHz ( period = 4.847 ns )                    ; x_cnt[2]  ; y_cnt[8]  ; clk        ; clk      ; None                        ; None                      ; 4.583 ns                ;
; N/A                                     ; 206.36 MHz ( period = 4.846 ns )                    ; x_cnt[0]  ; y_cnt[8]  ; clk        ; clk      ; None                        ; None                      ; 4.582 ns                ;
; N/A                                     ; 206.70 MHz ( period = 4.838 ns )                    ; x_cnt[1]  ; y_cnt[4]  ; clk        ; clk      ; None                        ; None                      ; 4.574 ns                ;
; N/A                                     ; 207.25 MHz ( period = 4.825 ns )                    ; x_cnt[10] ; y_cnt[4]  ; clk        ; clk      ; None                        ; None                      ; 4.561 ns                ;
; N/A                                     ; 207.34 MHz ( period = 4.823 ns )                    ; y_cnt[5]  ; y_cnt[0]  ; clk        ; clk      ; None                        ; None                      ; 4.559 ns                ;
; N/A                                     ; 207.34 MHz ( period = 4.823 ns )                    ; y_cnt[5]  ; y_cnt[9]  ; clk        ; clk      ; None                        ; None                      ; 4.559 ns                ;
; N/A                                     ; 207.34 MHz ( period = 4.823 ns )                    ; y_cnt[5]  ; y_cnt[4]  ; clk        ; clk      ; None                        ; None                      ; 4.559 ns                ;
; N/A                                     ; 207.34 MHz ( period = 4.823 ns )                    ; y_cnt[5]  ; y_cnt[3]  ; clk        ; clk      ; None                        ; None                      ; 4.559 ns                ;
; N/A                                     ; 207.34 MHz ( period = 4.823 ns )                    ; y_cnt[5]  ; y_cnt[7]  ; clk        ; clk      ; None                        ; None                      ; 4.559 ns                ;
; N/A                                     ; 207.34 MHz ( period = 4.823 ns )                    ; y_cnt[5]  ; y_cnt[2]  ; clk        ; clk      ; None                        ; None                      ; 4.559 ns                ;
; N/A                                     ; 207.34 MHz ( period = 4.823 ns )                    ; y_cnt[5]  ; y_cnt[1]  ; clk        ; clk      ; None                        ; None                      ; 4.559 ns                ;
; N/A                                     ; 207.34 MHz ( period = 4.823 ns )                    ; y_cnt[5]  ; y_cnt[6]  ; clk        ; clk      ; None                        ; None                      ; 4.559 ns                ;
; N/A                                     ; 207.34 MHz ( period = 4.823 ns )                    ; y_cnt[5]  ; y_cnt[5]  ; clk        ; clk      ; None                        ; None                      ; 4.559 ns                ;
; N/A                                     ; 207.34 MHz ( period = 4.823 ns )                    ; y_cnt[5]  ; y_cnt[8]  ; clk        ; clk      ; None                        ; None                      ; 4.559 ns                ;
; N/A                                     ; 207.43 MHz ( period = 4.821 ns )                    ; x_cnt[9]  ; y_cnt[6]  ; clk        ; clk      ; None                        ; None                      ; 4.557 ns                ;
; N/A                                     ; 208.12 MHz ( period = 4.805 ns )                    ; x_cnt[5]  ; y_cnt[8]  ; clk        ; clk      ; None                        ; None                      ; 4.541 ns                ;
; N/A                                     ; 208.20 MHz ( period = 4.803 ns )                    ; y_cnt[4]  ; y_cnt[0]  ; clk        ; clk      ; None                        ; None                      ; 4.539 ns                ;
; N/A                                     ; 208.20 MHz ( period = 4.803 ns )                    ; y_cnt[4]  ; y_cnt[9]  ; clk        ; clk      ; None                        ; None                      ; 4.539 ns                ;
; N/A                                     ; 208.20 MHz ( period = 4.803 ns )                    ; y_cnt[4]  ; y_cnt[4]  ; clk        ; clk      ; None                        ; None                      ; 4.539 ns                ;
; N/A                                     ; 208.20 MHz ( period = 4.803 ns )                    ; y_cnt[4]  ; y_cnt[3]  ; clk        ; clk      ; None                        ; None                      ; 4.539 ns                ;
; N/A                                     ; 208.20 MHz ( period = 4.803 ns )                    ; y_cnt[4]  ; y_cnt[7]  ; clk        ; clk      ; None                        ; None                      ; 4.539 ns                ;
; N/A                                     ; 208.20 MHz ( period = 4.803 ns )                    ; y_cnt[4]  ; y_cnt[2]  ; clk        ; clk      ; None                        ; None                      ; 4.539 ns                ;
; N/A                                     ; 208.20 MHz ( period = 4.803 ns )                    ; y_cnt[4]  ; y_cnt[1]  ; clk        ; clk      ; None                        ; None                      ; 4.539 ns                ;
; N/A                                     ; 208.20 MHz ( period = 4.803 ns )                    ; y_cnt[4]  ; y_cnt[6]  ; clk        ; clk      ; None                        ; None                      ; 4.539 ns                ;
; N/A                                     ; 208.20 MHz ( period = 4.803 ns )                    ; y_cnt[4]  ; y_cnt[5]  ; clk        ; clk      ; None                        ; None                      ; 4.539 ns                ;
; N/A                                     ; 208.20 MHz ( period = 4.803 ns )                    ; y_cnt[4]  ; y_cnt[8]  ; clk        ; clk      ; None                        ; None                      ; 4.539 ns                ;
; N/A                                     ; 208.51 MHz ( period = 4.796 ns )                    ; x_cnt[8]  ; y_cnt[4]  ; clk        ; clk      ; None                        ; None                      ; 4.532 ns                ;
; N/A                                     ; 209.12 MHz ( period = 4.782 ns )                    ; x_cnt[6]  ; y_cnt[2]  ; clk        ; clk      ; None                        ; None                      ; 4.518 ns                ;
; N/A                                     ; 209.69 MHz ( period = 4.769 ns )                    ; x_cnt[4]  ; y_cnt[8]  ; clk        ; clk      ; None                        ; None                      ; 4.505 ns                ;
; N/A                                     ; 210.04 MHz ( period = 4.761 ns )                    ; x_cnt[2]  ; y_cnt[7]  ; clk        ; clk      ; None                        ; None                      ; 4.497 ns                ;
; N/A                                     ; 210.08 MHz ( period = 4.760 ns )                    ; x_cnt[0]  ; y_cnt[7]  ; clk        ; clk      ; None                        ; None                      ; 4.496 ns                ;
; N/A                                     ; 210.44 MHz ( period = 4.752 ns )                    ; x_cnt[1]  ; y_cnt[3]  ; clk        ; clk      ; None                        ; None                      ; 4.488 ns                ;
; N/A                                     ; 210.48 MHz ( period = 4.751 ns )                    ; y_cnt[0]  ; y_cnt[0]  ; clk        ; clk      ; None                        ; None                      ; 4.487 ns                ;
; N/A                                     ; 210.48 MHz ( period = 4.751 ns )                    ; y_cnt[0]  ; y_cnt[9]  ; clk        ; clk      ; None                        ; None                      ; 4.487 ns                ;
; N/A                                     ; 210.48 MHz ( period = 4.751 ns )                    ; y_cnt[0]  ; y_cnt[4]  ; clk        ; clk      ; None                        ; None                      ; 4.487 ns                ;
; N/A                                     ; 210.48 MHz ( period = 4.751 ns )                    ; y_cnt[0]  ; y_cnt[3]  ; clk        ; clk      ; None                        ; None                      ; 4.487 ns                ;
; N/A                                     ; 210.48 MHz ( period = 4.751 ns )                    ; y_cnt[0]  ; y_cnt[7]  ; clk        ; clk      ; None                        ; None                      ; 4.487 ns                ;
; N/A                                     ; 210.48 MHz ( period = 4.751 ns )                    ; y_cnt[0]  ; y_cnt[2]  ; clk        ; clk      ; None                        ; None                      ; 4.487 ns                ;
; N/A                                     ; 210.48 MHz ( period = 4.751 ns )                    ; y_cnt[0]  ; y_cnt[1]  ; clk        ; clk      ; None                        ; None                      ; 4.487 ns                ;
; N/A                                     ; 210.48 MHz ( period = 4.751 ns )                    ; y_cnt[0]  ; y_cnt[6]  ; clk        ; clk      ; None                        ; None                      ; 4.487 ns                ;
; N/A                                     ; 210.48 MHz ( period = 4.751 ns )                    ; y_cnt[0]  ; y_cnt[5]  ; clk        ; clk      ; None                        ; None                      ; 4.487 ns                ;
; N/A                                     ; 210.48 MHz ( period = 4.751 ns )                    ; y_cnt[0]  ; y_cnt[8]  ; clk        ; clk      ; None                        ; None                      ; 4.487 ns                ;
; N/A                                     ; 211.01 MHz ( period = 4.739 ns )                    ; x_cnt[10] ; y_cnt[3]  ; clk        ; clk      ; None                        ; None                      ; 4.475 ns                ;
; N/A                                     ; 211.19 MHz ( period = 4.735 ns )                    ; x_cnt[9]  ; y_cnt[5]  ; clk        ; clk      ; None                        ; None                      ; 4.471 ns                ;
; N/A                                     ; 211.91 MHz ( period = 4.719 ns )                    ; x_cnt[5]  ; y_cnt[7]  ; clk        ; clk      ; None                        ; None                      ; 4.455 ns                ;
; N/A                                     ; 212.31 MHz ( period = 4.710 ns )                    ; x_cnt[8]  ; y_cnt[3]  ; clk        ; clk      ; None                        ; None                      ; 4.446 ns                ;
; N/A                                     ; 212.68 MHz ( period = 4.702 ns )                    ; x_cnt[6]  ; x_cnt[10] ; clk        ; clk      ; None                        ; None                      ; 4.438 ns                ;
; N/A                                     ; 212.95 MHz ( period = 4.696 ns )                    ; x_cnt[6]  ; y_cnt[1]  ; clk        ; clk      ; None                        ; None                      ; 4.432 ns                ;
; N/A                                     ; 213.54 MHz ( period = 4.683 ns )                    ; x_cnt[4]  ; y_cnt[7]  ; clk        ; clk      ; None                        ; None                      ; 4.419 ns                ;
; N/A                                     ; 213.68 MHz ( period = 4.680 ns )                    ; x_cnt[6]  ; x_cnt[4]  ; clk        ; clk      ; None                        ; None                      ; 4.416 ns                ;
; N/A                                     ; 213.90 MHz ( period = 4.675 ns )                    ; x_cnt[2]  ; y_cnt[6]  ; clk        ; clk      ; None                        ; None                      ; 4.411 ns                ;
; N/A                                     ; 213.95 MHz ( period = 4.674 ns )                    ; x_cnt[0]  ; y_cnt[6]  ; clk        ; clk      ; None                        ; None                      ; 4.410 ns                ;
; N/A                                     ; 214.13 MHz ( period = 4.670 ns )                    ; y_cnt[3]  ; y_cnt[0]  ; clk        ; clk      ; None                        ; None                      ; 4.406 ns                ;
; N/A                                     ; 214.13 MHz ( period = 4.670 ns )                    ; y_cnt[3]  ; y_cnt[9]  ; clk        ; clk      ; None                        ; None                      ; 4.406 ns                ;
; N/A                                     ; 214.13 MHz ( period = 4.670 ns )                    ; y_cnt[3]  ; y_cnt[4]  ; clk        ; clk      ; None                        ; None                      ; 4.406 ns                ;
; N/A                                     ; 214.13 MHz ( period = 4.670 ns )                    ; y_cnt[3]  ; y_cnt[3]  ; clk        ; clk      ; None                        ; None                      ; 4.406 ns                ;
; N/A                                     ; 214.13 MHz ( period = 4.670 ns )                    ; y_cnt[3]  ; y_cnt[7]  ; clk        ; clk      ; None                        ; None                      ; 4.406 ns                ;
; N/A                                     ; 214.13 MHz ( period = 4.670 ns )                    ; y_cnt[3]  ; y_cnt[2]  ; clk        ; clk      ; None                        ; None                      ; 4.406 ns                ;
; N/A                                     ; 214.13 MHz ( period = 4.670 ns )                    ; y_cnt[3]  ; y_cnt[1]  ; clk        ; clk      ; None                        ; None                      ; 4.406 ns                ;
; N/A                                     ; 214.13 MHz ( period = 4.670 ns )                    ; y_cnt[3]  ; y_cnt[6]  ; clk        ; clk      ; None                        ; None                      ; 4.406 ns                ;
; N/A                                     ; 214.13 MHz ( period = 4.670 ns )                    ; y_cnt[3]  ; y_cnt[5]  ; clk        ; clk      ; None                        ; None                      ; 4.406 ns                ;
; N/A                                     ; 214.13 MHz ( period = 4.670 ns )                    ; y_cnt[3]  ; y_cnt[8]  ; clk        ; clk      ; None                        ; None                      ; 4.406 ns                ;
; N/A                                     ; 214.32 MHz ( period = 4.666 ns )                    ; x_cnt[1]  ; y_cnt[2]  ; clk        ; clk      ; None                        ; None                      ; 4.402 ns                ;
; N/A                                     ; 214.92 MHz ( period = 4.653 ns )                    ; x_cnt[10] ; y_cnt[2]  ; clk        ; clk      ; None                        ; None                      ; 4.389 ns                ;
; N/A                                     ; 215.84 MHz ( period = 4.633 ns )                    ; x_cnt[5]  ; y_cnt[6]  ; clk        ; clk      ; None                        ; None                      ; 4.369 ns                ;
; N/A                                     ; 215.89 MHz ( period = 4.632 ns )                    ; y_cnt[8]  ; y_cnt[0]  ; clk        ; clk      ; None                        ; None                      ; 4.368 ns                ;
; N/A                                     ; 215.89 MHz ( period = 4.632 ns )                    ; y_cnt[8]  ; y_cnt[9]  ; clk        ; clk      ; None                        ; None                      ; 4.368 ns                ;
; N/A                                     ; 215.89 MHz ( period = 4.632 ns )                    ; y_cnt[8]  ; y_cnt[4]  ; clk        ; clk      ; None                        ; None                      ; 4.368 ns                ;
; N/A                                     ; 215.89 MHz ( period = 4.632 ns )                    ; y_cnt[8]  ; y_cnt[3]  ; clk        ; clk      ; None                        ; None                      ; 4.368 ns                ;
; N/A                                     ; 215.89 MHz ( period = 4.632 ns )                    ; y_cnt[8]  ; y_cnt[7]  ; clk        ; clk      ; None                        ; None                      ; 4.368 ns                ;
; N/A                                     ; 215.89 MHz ( period = 4.632 ns )                    ; y_cnt[8]  ; y_cnt[2]  ; clk        ; clk      ; None                        ; None                      ; 4.368 ns                ;
; N/A                                     ; 215.89 MHz ( period = 4.632 ns )                    ; y_cnt[8]  ; y_cnt[1]  ; clk        ; clk      ; None                        ; None                      ; 4.368 ns                ;
; N/A                                     ; 215.89 MHz ( period = 4.632 ns )                    ; y_cnt[8]  ; y_cnt[6]  ; clk        ; clk      ; None                        ; None                      ; 4.368 ns                ;
; N/A                                     ; 215.89 MHz ( period = 4.632 ns )                    ; y_cnt[8]  ; y_cnt[5]  ; clk        ; clk      ; None                        ; None                      ; 4.368 ns                ;
; N/A                                     ; 215.89 MHz ( period = 4.632 ns )                    ; y_cnt[8]  ; y_cnt[8]  ; clk        ; clk      ; None                        ; None                      ; 4.368 ns                ;
; N/A                                     ; 216.26 MHz ( period = 4.624 ns )                    ; x_cnt[8]  ; y_cnt[2]  ; clk        ; clk      ; None                        ; None                      ; 4.360 ns                ;
; N/A                                     ; 216.68 MHz ( period = 4.615 ns )                    ; x_cnt[8]  ; hsync_r   ; clk        ; clk      ; None                        ; None                      ; 4.342 ns                ;
; N/A                                     ; 217.39 MHz ( period = 4.600 ns )                    ; y_cnt[2]  ; y_cnt[0]  ; clk        ; clk      ; None                        ; None                      ; 4.336 ns                ;
; N/A                                     ; 217.39 MHz ( period = 4.600 ns )                    ; y_cnt[2]  ; y_cnt[9]  ; clk        ; clk      ; None                        ; None                      ; 4.336 ns                ;
; N/A                                     ; 217.39 MHz ( period = 4.600 ns )                    ; y_cnt[2]  ; y_cnt[4]  ; clk        ; clk      ; None                        ; None                      ; 4.336 ns                ;
; N/A                                     ; 217.39 MHz ( period = 4.600 ns )                    ; y_cnt[2]  ; y_cnt[3]  ; clk        ; clk      ; None                        ; None                      ; 4.336 ns                ;
; N/A                                     ; 217.39 MHz ( period = 4.600 ns )                    ; y_cnt[2]  ; y_cnt[7]  ; clk        ; clk      ; None                        ; None                      ; 4.336 ns                ;
; N/A                                     ; 217.39 MHz ( period = 4.600 ns )                    ; y_cnt[2]  ; y_cnt[2]  ; clk        ; clk      ; None                        ; None                      ; 4.336 ns                ;
; N/A                                     ; 217.39 MHz ( period = 4.600 ns )                    ; y_cnt[2]  ; y_cnt[1]  ; clk        ; clk      ; None                        ; None                      ; 4.336 ns                ;
; N/A                                     ; 217.39 MHz ( period = 4.600 ns )                    ; y_cnt[2]  ; y_cnt[6]  ; clk        ; clk      ; None                        ; None                      ; 4.336 ns                ;
; N/A                                     ; 217.39 MHz ( period = 4.600 ns )                    ; y_cnt[2]  ; y_cnt[5]  ; clk        ; clk      ; None                        ; None                      ; 4.336 ns                ;
; N/A                                     ; 217.39 MHz ( period = 4.600 ns )                    ; y_cnt[2]  ; y_cnt[8]  ; clk        ; clk      ; None                        ; None                      ; 4.336 ns                ;
; N/A                                     ; 217.53 MHz ( period = 4.597 ns )                    ; x_cnt[4]  ; y_cnt[6]  ; clk        ; clk      ; None                        ; None                      ; 4.333 ns                ;
; N/A                                     ; 217.91 MHz ( period = 4.589 ns )                    ; x_cnt[2]  ; y_cnt[5]  ; clk        ; clk      ; None                        ; None                      ; 4.325 ns                ;
; N/A                                     ; 217.96 MHz ( period = 4.588 ns )                    ; x_cnt[0]  ; y_cnt[5]  ; clk        ; clk      ; None                        ; None                      ; 4.324 ns                ;
; N/A                                     ; 218.05 MHz ( period = 4.586 ns )                    ; x_cnt[1]  ; x_cnt[10] ; clk        ; clk      ; None                        ; None                      ; 4.322 ns                ;
; N/A                                     ; 218.34 MHz ( period = 4.580 ns )                    ; x_cnt[1]  ; y_cnt[1]  ; clk        ; clk      ; None                        ; None                      ; 4.316 ns                ;
; N/A                                     ; 218.67 MHz ( period = 4.573 ns )                    ; x_cnt[10] ; x_cnt[10] ; clk        ; clk      ; None                        ; None                      ; 4.309 ns                ;
; N/A                                     ; 218.96 MHz ( period = 4.567 ns )                    ; x_cnt[10] ; y_cnt[1]  ; clk        ; clk      ; None                        ; None                      ; 4.303 ns                ;
; N/A                                     ; 219.11 MHz ( period = 4.564 ns )                    ; x_cnt[1]  ; x_cnt[4]  ; clk        ; clk      ; None                        ; None                      ; 4.300 ns                ;
; N/A                                     ; 219.73 MHz ( period = 4.551 ns )                    ; x_cnt[10] ; x_cnt[4]  ; clk        ; clk      ; None                        ; None                      ; 4.287 ns                ;
; N/A                                     ; 219.93 MHz ( period = 4.547 ns )                    ; x_cnt[5]  ; y_cnt[5]  ; clk        ; clk      ; None                        ; None                      ; 4.283 ns                ;
; N/A                                     ; 220.02 MHz ( period = 4.545 ns )                    ; x_cnt[9]  ; y_cnt[4]  ; clk        ; clk      ; None                        ; None                      ; 4.281 ns                ;
; N/A                                     ; 220.07 MHz ( period = 4.544 ns )                    ; x_cnt[8]  ; x_cnt[10] ; clk        ; clk      ; None                        ; None                      ; 4.280 ns                ;
; N/A                                     ; 220.36 MHz ( period = 4.538 ns )                    ; x_cnt[8]  ; y_cnt[1]  ; clk        ; clk      ; None                        ; None                      ; 4.274 ns                ;
; N/A                                     ; 221.14 MHz ( period = 4.522 ns )                    ; x_cnt[8]  ; x_cnt[4]  ; clk        ; clk      ; None                        ; None                      ; 4.258 ns                ;
; N/A                                     ; 221.68 MHz ( period = 4.511 ns )                    ; x_cnt[4]  ; y_cnt[5]  ; clk        ; clk      ; None                        ; None                      ; 4.247 ns                ;
; N/A                                     ; 223.26 MHz ( period = 4.479 ns )                    ; x_cnt[4]  ; hsync_r   ; clk        ; clk      ; None                        ; None                      ; 4.206 ns                ;
; N/A                                     ; 223.76 MHz ( period = 4.469 ns )                    ; x_cnt[6]  ; hsync_r   ; clk        ; clk      ; None                        ; None                      ; 4.196 ns                ;
; N/A                                     ; 224.22 MHz ( period = 4.460 ns )                    ; y_cnt[6]  ; vsync_r   ; clk        ; clk      ; None                        ; None                      ; 4.196 ns                ;
; N/A                                     ; 224.27 MHz ( period = 4.459 ns )                    ; x_cnt[9]  ; y_cnt[3]  ; clk        ; clk      ; None                        ; None                      ; 4.195 ns                ;
; N/A                                     ; 225.23 MHz ( period = 4.440 ns )                    ; x_cnt[9]  ; hsync_r   ; clk        ; clk      ; None                        ; None                      ; 4.167 ns                ;
; N/A                                     ; 226.76 MHz ( period = 4.410 ns )                    ; x_cnt[3]  ; y_cnt[9]  ; clk        ; clk      ; None                        ; None                      ; 4.146 ns                ;
; N/A                                     ; 227.32 MHz ( period = 4.399 ns )                    ; x_cnt[2]  ; y_cnt[4]  ; clk        ; clk      ; None                        ; None                      ; 4.135 ns                ;
; N/A                                     ; 227.38 MHz ( period = 4.398 ns )                    ; x_cnt[0]  ; y_cnt[4]  ; clk        ; clk      ; None                        ; None                      ; 4.134 ns                ;
; N/A                                     ; 228.41 MHz ( period = 4.378 ns )                    ; y_cnt[7]  ; y_cnt[0]  ; clk        ; clk      ; None                        ; None                      ; 4.114 ns                ;
; N/A                                     ; 228.41 MHz ( period = 4.378 ns )                    ; y_cnt[7]  ; y_cnt[9]  ; clk        ; clk      ; None                        ; None                      ; 4.114 ns                ;
; N/A                                     ; 228.41 MHz ( period = 4.378 ns )                    ; y_cnt[7]  ; y_cnt[4]  ; clk        ; clk      ; None                        ; None                      ; 4.114 ns                ;
; N/A                                     ; 228.41 MHz ( period = 4.378 ns )                    ; y_cnt[7]  ; y_cnt[3]  ; clk        ; clk      ; None                        ; None                      ; 4.114 ns                ;
; N/A                                     ; 228.41 MHz ( period = 4.378 ns )                    ; y_cnt[7]  ; y_cnt[7]  ; clk        ; clk      ; None                        ; None                      ; 4.114 ns                ;
; N/A                                     ; 228.41 MHz ( period = 4.378 ns )                    ; y_cnt[7]  ; y_cnt[2]  ; clk        ; clk      ; None                        ; None                      ; 4.114 ns                ;
; N/A                                     ; 228.41 MHz ( period = 4.378 ns )                    ; y_cnt[7]  ; y_cnt[1]  ; clk        ; clk      ; None                        ; None                      ; 4.114 ns                ;
; N/A                                     ; 228.41 MHz ( period = 4.378 ns )                    ; y_cnt[7]  ; y_cnt[6]  ; clk        ; clk      ; None                        ; None                      ; 4.114 ns                ;
; N/A                                     ; 228.41 MHz ( period = 4.378 ns )                    ; y_cnt[7]  ; y_cnt[5]  ; clk        ; clk      ; None                        ; None                      ; 4.114 ns                ;
; N/A                                     ; 228.41 MHz ( period = 4.378 ns )                    ; y_cnt[7]  ; y_cnt[8]  ; clk        ; clk      ; None                        ; None                      ; 4.114 ns                ;
; N/A                                     ; 228.68 MHz ( period = 4.373 ns )                    ; x_cnt[9]  ; y_cnt[2]  ; clk        ; clk      ; None                        ; None                      ; 4.109 ns                ;
; N/A                                     ; 229.52 MHz ( period = 4.357 ns )                    ; x_cnt[5]  ; y_cnt[4]  ; clk        ; clk      ; None                        ; None                      ; 4.093 ns                ;
; N/A                                     ; 231.21 MHz ( period = 4.325 ns )                    ; x_cnt[3]  ; hsync_r   ; clk        ; clk      ; None                        ; None                      ; 4.052 ns                ;
; N/A                                     ; 231.27 MHz ( period = 4.324 ns )                    ; x_cnt[3]  ; y_cnt[8]  ; clk        ; clk      ; None                        ; None                      ; 4.060 ns                ;
; N/A                                     ; 231.43 MHz ( period = 4.321 ns )                    ; x_cnt[4]  ; y_cnt[4]  ; clk        ; clk      ; None                        ; None                      ; 4.057 ns                ;
; N/A                                     ; 231.86 MHz ( period = 4.313 ns )                    ; x_cnt[2]  ; y_cnt[3]  ; clk        ; clk      ; None                        ; None                      ; 4.049 ns                ;
; N/A                                     ; 231.91 MHz ( period = 4.312 ns )                    ; x_cnt[0]  ; y_cnt[3]  ; clk        ; clk      ; None                        ; None                      ; 4.048 ns                ;
; N/A                                     ; 232.18 MHz ( period = 4.307 ns )                    ; y_cnt[5]  ; vsync_r   ; clk        ; clk      ; None                        ; None                      ; 4.043 ns                ;
; N/A                                     ; 232.94 MHz ( period = 4.293 ns )                    ; x_cnt[9]  ; x_cnt[10] ; clk        ; clk      ; None                        ; None                      ; 4.029 ns                ;
; N/A                                     ; 233.26 MHz ( period = 4.287 ns )                    ; x_cnt[9]  ; y_cnt[1]  ; clk        ; clk      ; None                        ; None                      ; 4.023 ns                ;
; N/A                                     ; 234.14 MHz ( period = 4.271 ns )                    ; x_cnt[5]  ; y_cnt[3]  ; clk        ; clk      ; None                        ; None                      ; 4.007 ns                ;
; N/A                                     ; 234.14 MHz ( period = 4.271 ns )                    ; x_cnt[9]  ; x_cnt[4]  ; clk        ; clk      ; None                        ; None                      ; 4.007 ns                ;
; N/A                                     ; 235.96 MHz ( period = 4.238 ns )                    ; x_cnt[3]  ; y_cnt[7]  ; clk        ; clk      ; None                        ; None                      ; 3.974 ns                ;
; N/A                                     ; 236.13 MHz ( period = 4.235 ns )                    ; x_cnt[4]  ; y_cnt[3]  ; clk        ; clk      ; None                        ; None                      ; 3.971 ns                ;
; N/A                                     ; 236.57 MHz ( period = 4.227 ns )                    ; x_cnt[2]  ; y_cnt[2]  ; clk        ; clk      ; None                        ; None                      ; 3.963 ns                ;
; N/A                                     ; 236.63 MHz ( period = 4.226 ns )                    ; x_cnt[0]  ; y_cnt[2]  ; clk        ; clk      ; None                        ; None                      ; 3.962 ns                ;
; N/A                                     ; 237.08 MHz ( period = 4.218 ns )                    ; x_cnt[6]  ; y_cnt[0]  ; clk        ; clk      ; None                        ; None                      ; 3.954 ns                ;
; N/A                                     ; 238.95 MHz ( period = 4.185 ns )                    ; x_cnt[5]  ; y_cnt[2]  ; clk        ; clk      ; None                        ; None                      ; 3.921 ns                ;
; N/A                                     ; 240.21 MHz ( period = 4.163 ns )                    ; x_cnt[7]  ; y_cnt[9]  ; clk        ; clk      ; None                        ; None                      ; 3.899 ns                ;
; N/A                                     ; 240.85 MHz ( period = 4.152 ns )                    ; x_cnt[3]  ; y_cnt[6]  ; clk        ; clk      ; None                        ; None                      ; 3.888 ns                ;
; N/A                                     ; 241.02 MHz ( period = 4.149 ns )                    ; x_cnt[4]  ; y_cnt[2]  ; clk        ; clk      ; None                        ; None                      ; 3.885 ns                ;
; N/A                                     ; 241.14 MHz ( period = 4.147 ns )                    ; x_cnt[2]  ; x_cnt[10] ; clk        ; clk      ; None                        ; None                      ; 3.883 ns                ;
; N/A                                     ; 241.20 MHz ( period = 4.146 ns )                    ; x_cnt[0]  ; x_cnt[10] ; clk        ; clk      ; None                        ; None                      ; 3.882 ns                ;
; N/A                                     ; 241.49 MHz ( period = 4.141 ns )                    ; x_cnt[2]  ; y_cnt[1]  ; clk        ; clk      ; None                        ; None                      ; 3.877 ns                ;
; N/A                                     ; 241.55 MHz ( period = 4.140 ns )                    ; x_cnt[0]  ; y_cnt[1]  ; clk        ; clk      ; None                        ; None                      ; 3.876 ns                ;
; N/A                                     ; 242.42 MHz ( period = 4.125 ns )                    ; x_cnt[2]  ; x_cnt[4]  ; clk        ; clk      ; None                        ; None                      ; 3.861 ns                ;
; N/A                                     ; 242.48 MHz ( period = 4.124 ns )                    ; x_cnt[0]  ; x_cnt[4]  ; clk        ; clk      ; None                        ; None                      ; 3.860 ns                ;
; N/A                                     ; 242.95 MHz ( period = 4.116 ns )                    ; y_cnt[8]  ; vsync_r   ; clk        ; clk      ; None                        ; None                      ; 3.852 ns                ;
; N/A                                     ; 243.31 MHz ( period = 4.110 ns )                    ; y_cnt[9]  ; y_cnt[0]  ; clk        ; clk      ; None                        ; None                      ; 3.846 ns                ;
; N/A                                     ; 243.31 MHz ( period = 4.110 ns )                    ; y_cnt[9]  ; y_cnt[9]  ; clk        ; clk      ; None                        ; None                      ; 3.846 ns                ;
; N/A                                     ; 243.31 MHz ( period = 4.110 ns )                    ; y_cnt[9]  ; y_cnt[4]  ; clk        ; clk      ; None                        ; None                      ; 3.846 ns                ;
; N/A                                     ; 243.31 MHz ( period = 4.110 ns )                    ; y_cnt[9]  ; y_cnt[3]  ; clk        ; clk      ; None                        ; None                      ; 3.846 ns                ;
; N/A                                     ; 243.31 MHz ( period = 4.110 ns )                    ; y_cnt[9]  ; y_cnt[7]  ; clk        ; clk      ; None                        ; None                      ; 3.846 ns                ;
; N/A                                     ; 243.31 MHz ( period = 4.110 ns )                    ; y_cnt[9]  ; y_cnt[2]  ; clk        ; clk      ; None                        ; None                      ; 3.846 ns                ;
; N/A                                     ; 243.31 MHz ( period = 4.110 ns )                    ; y_cnt[9]  ; y_cnt[1]  ; clk        ; clk      ; None                        ; None                      ; 3.846 ns                ;
; N/A                                     ; 243.31 MHz ( period = 4.110 ns )                    ; y_cnt[9]  ; y_cnt[6]  ; clk        ; clk      ; None                        ; None                      ; 3.846 ns                ;
; N/A                                     ; 243.31 MHz ( period = 4.110 ns )                    ; y_cnt[9]  ; y_cnt[5]  ; clk        ; clk      ; None                        ; None                      ; 3.846 ns                ;
; N/A                                     ; 243.31 MHz ( period = 4.110 ns )                    ; y_cnt[9]  ; y_cnt[8]  ; clk        ; clk      ; None                        ; None                      ; 3.846 ns                ;
; N/A                                     ; 243.61 MHz ( period = 4.105 ns )                    ; x_cnt[5]  ; x_cnt[10] ; clk        ; clk      ; None                        ; None                      ; 3.841 ns                ;
; N/A                                     ; 243.78 MHz ( period = 4.102 ns )                    ; x_cnt[1]  ; y_cnt[0]  ; clk        ; clk      ; None                        ; None                      ; 3.838 ns                ;
; N/A                                     ; 243.96 MHz ( period = 4.099 ns )                    ; x_cnt[5]  ; y_cnt[1]  ; clk        ; clk      ; None                        ; None                      ; 3.835 ns                ;
; Timing analysis restricted to 200 rows. ; To change the limit use Settings (Assignments menu) ;           ;           ;            ;          ;                             ;                           ;                         ;
+-----------------------------------------+-----------------------------------------------------+-----------+-----------+------------+----------+-----------------------------+---------------------------+-------------------------+


+--------------------------------------------------------------------+
; tco                                                                ;
+-------+--------------+------------+-----------+-------+------------+
; Slack ; Required tco ; Actual tco ; From      ; To    ; From Clock ;
+-------+--------------+------------+-----------+-------+------------+
; N/A   ; None         ; 16.809 ns  ; x_cnt[0]  ; vga_g ; clk        ;
; N/A   ; None         ; 16.770 ns  ; x_cnt[0]  ; vga_b ; clk        ;
; N/A   ; None         ; 16.644 ns  ; y_cnt[3]  ; vga_g ; clk        ;
; N/A   ; None         ; 16.611 ns  ; y_cnt[3]  ; vga_b ; clk        ;
; N/A   ; None         ; 16.372 ns  ; y_cnt[3]  ; vga_r ; clk        ;
; N/A   ; None         ; 16.285 ns  ; y_cnt[2]  ; vga_g ; clk        ;
; N/A   ; None         ; 16.252 ns  ; y_cnt[2]  ; vga_b ; clk        ;
; N/A   ; None         ; 16.234 ns  ; y_cnt[0]  ; vga_g ; clk        ;
; N/A   ; None         ; 16.195 ns  ; y_cnt[0]  ; vga_b ; clk        ;
; N/A   ; None         ; 16.072 ns  ; x_cnt[1]  ; vga_g ; clk        ;
; N/A   ; None         ; 16.033 ns  ; x_cnt[1]  ; vga_b ; clk        ;
; N/A   ; None         ; 16.031 ns  ; y_cnt[1]  ; vga_g ; clk        ;
; N/A   ; None         ; 16.013 ns  ; y_cnt[2]  ; vga_r ; clk        ;
; N/A   ; None         ; 15.992 ns  ; y_cnt[1]  ; vga_b ; clk        ;
; N/A   ; None         ; 15.940 ns  ; x_cnt[0]  ; vga_r ; clk        ;
; N/A   ; None         ; 15.679 ns  ; x_cnt[2]  ; vga_g ; clk        ;
; N/A   ; None         ; 15.640 ns  ; x_cnt[2]  ; vga_b ; clk        ;
; N/A   ; None         ; 15.471 ns  ; x_cnt[3]  ; vga_g ; clk        ;
; N/A   ; None         ; 15.432 ns  ; x_cnt[3]  ; vga_b ; clk        ;
; N/A   ; None         ; 15.428 ns  ; y_cnt[0]  ; vga_r ; clk        ;
; N/A   ; None         ; 15.417 ns  ; x_cnt[2]  ; vga_r ; clk        ;
; N/A   ; None         ; 15.411 ns  ; x_cnt[1]  ; vga_r ; clk        ;
; N/A   ; None         ; 15.233 ns  ; y_cnt[1]  ; vga_r ; clk        ;
; N/A   ; None         ; 15.212 ns  ; y_cnt[4]  ; vga_g ; clk        ;
; N/A   ; None         ; 15.209 ns  ; x_cnt[3]  ; vga_r ; clk        ;
; N/A   ; None         ; 15.173 ns  ; y_cnt[4]  ; vga_b ; clk        ;
; N/A   ; None         ; 15.071 ns  ; x_cnt[4]  ; vga_r ; clk        ;
; N/A   ; None         ; 15.047 ns  ; x_cnt[4]  ; vga_g ; clk        ;
; N/A   ; None         ; 15.008 ns  ; x_cnt[4]  ; vga_b ; clk        ;
; N/A   ; None         ; 14.908 ns  ; x_cnt[6]  ; vga_r ; clk        ;
; N/A   ; None         ; 14.904 ns  ; x_cnt[7]  ; vga_r ; clk        ;
; N/A   ; None         ; 14.769 ns  ; x_cnt[6]  ; vga_g ; clk        ;
; N/A   ; None         ; 14.765 ns  ; x_cnt[7]  ; vga_g ; clk        ;
; N/A   ; None         ; 14.730 ns  ; x_cnt[6]  ; vga_b ; clk        ;
; N/A   ; None         ; 14.726 ns  ; x_cnt[7]  ; vga_b ; clk        ;
; N/A   ; None         ; 14.646 ns  ; x_cnt[5]  ; vga_r ; clk        ;
; N/A   ; None         ; 14.584 ns  ; y_cnt[5]  ; vga_g ; clk        ;
; N/A   ; None         ; 14.545 ns  ; y_cnt[5]  ; vga_b ; clk        ;
; N/A   ; None         ; 14.507 ns  ; x_cnt[5]  ; vga_g ; clk        ;
; N/A   ; None         ; 14.468 ns  ; x_cnt[5]  ; vga_b ; clk        ;
; N/A   ; None         ; 14.383 ns  ; x_cnt[8]  ; vga_r ; clk        ;
; N/A   ; None         ; 14.308 ns  ; y_cnt[8]  ; vga_r ; clk        ;
; N/A   ; None         ; 14.244 ns  ; x_cnt[8]  ; vga_g ; clk        ;
; N/A   ; None         ; 14.236 ns  ; y_cnt[6]  ; vga_g ; clk        ;
; N/A   ; None         ; 14.205 ns  ; x_cnt[8]  ; vga_b ; clk        ;
; N/A   ; None         ; 14.203 ns  ; y_cnt[6]  ; vga_b ; clk        ;
; N/A   ; None         ; 14.181 ns  ; y_cnt[8]  ; vga_g ; clk        ;
; N/A   ; None         ; 14.162 ns  ; y_cnt[7]  ; vga_g ; clk        ;
; N/A   ; None         ; 14.151 ns  ; y_cnt[4]  ; vga_r ; clk        ;
; N/A   ; None         ; 14.142 ns  ; y_cnt[8]  ; vga_b ; clk        ;
; N/A   ; None         ; 14.123 ns  ; y_cnt[7]  ; vga_b ; clk        ;
; N/A   ; None         ; 14.020 ns  ; y_cnt[7]  ; vga_r ; clk        ;
; N/A   ; None         ; 13.964 ns  ; y_cnt[6]  ; vga_r ; clk        ;
; N/A   ; None         ; 13.949 ns  ; y_cnt[5]  ; vga_r ; clk        ;
; N/A   ; None         ; 13.904 ns  ; x_cnt[9]  ; vga_r ; clk        ;
; N/A   ; None         ; 13.765 ns  ; x_cnt[9]  ; vga_g ; clk        ;
; N/A   ; None         ; 13.726 ns  ; x_cnt[9]  ; vga_b ; clk        ;
; N/A   ; None         ; 13.226 ns  ; y_cnt[9]  ; vga_r ; clk        ;
; N/A   ; None         ; 13.099 ns  ; y_cnt[9]  ; vga_g ; clk        ;
; N/A   ; None         ; 13.060 ns  ; y_cnt[9]  ; vga_b ; clk        ;
; N/A   ; None         ; 10.754 ns  ; x_cnt[10] ; vga_g ; clk        ;
; N/A   ; None         ; 10.721 ns  ; x_cnt[10] ; vga_b ; clk        ;
; N/A   ; None         ; 10.482 ns  ; x_cnt[10] ; vga_r ; clk        ;
; N/A   ; None         ; 7.910 ns   ; hsync_r   ; hsync ; clk        ;
; N/A   ; None         ; 7.785 ns   ; vsync_r   ; vsync ; clk        ;
+-------+--------------+------------+-----------+-------+------------+


+--------------------------+
; Timing Analyzer Messages ;
+--------------------------+
Info: *******************************************************************
Info: Running Quartus II Classic Timing Analyzer
    Info: Version 9.0 Build 235 06/17/2009 Service Pack 2 SJ Web Edition
    Info: Processing started: Thu Jan 27 20:06:43 2011
Info: Command: quartus_tan --read_settings_files=off --write_settings_files=off VGA_800X600 -c VGA_800X600 --timing_analysis_only
Info: Only one processor detected - disabling parallel compilation
Warning: Found pins functioning as undefined clocks and/or memory enables
    Info: Assuming node "clk" is an undefined clock
Info: Clock "clk" has Internal fmax of 182.22 MHz between source register "x_cnt[6]" and destination register "y_cnt[9]" (period= 5.488 ns)
    Info: + Longest register to register delay is 5.224 ns
        Info: 1: + IC(0.000 ns) + CELL(0.000 ns) = 0.000 ns; Loc. = LCFF_X32_Y16_N13; Fanout = 7; REG Node = 'x_cnt[6]'
        Info: 2: + IC(1.144 ns) + CELL(0.539 ns) = 1.683 ns; Loc. = LCCOMB_X32_Y17_N2; Fanout = 2; COMB Node = 'LessThan0~1'
        Info: 3: + IC(0.375 ns) + CELL(0.206 ns) = 2.264 ns; Loc. = LCCOMB_X32_Y17_N26; Fanout = 2; COMB Node = 'Equal0~0'
        Info: 4: + IC(0.372 ns) + CELL(0.206 ns) = 2.842 ns; Loc. = LCCOMB_X32_Y17_N30; Fanout = 4; COMB Node = 'Equal0~2'
        Info: 5: + IC(0.380 ns) + CELL(0.596 ns) = 3.818 ns; Loc. = LCCOMB_X32_Y17_N6; Fanout = 2; COMB Node = 'y_cnt[0]~31'
        Info: 6: + IC(0.000 ns) + CELL(0.086 ns) = 3.904 ns; Loc. = LCCOMB_X32_Y17_N8; Fanout = 2; COMB Node = 'y_cnt[1]~33'
        Info: 7: + IC(0.000 ns) + CELL(0.086 ns) = 3.990 ns; Loc. = LCCOMB_X32_Y17_N10; Fanout = 2; COMB Node = 'y_cnt[2]~35'
        Info: 8: + IC(0.000 ns) + CELL(0.086 ns) = 4.076 ns; Loc. = LCCOMB_X32_Y17_N12; Fanout = 2; COMB Node = 'y_cnt[3]~37'
        Info: 9: + IC(0.000 ns) + CELL(0.190 ns) = 4.266 ns; Loc. = LCCOMB_X32_Y17_N14; Fanout = 2; COMB Node = 'y_cnt[4]~39'
        Info: 10: + IC(0.000 ns) + CELL(0.086 ns) = 4.352 ns; Loc. = LCCOMB_X32_Y17_N16; Fanout = 2; COMB Node = 'y_cnt[5]~41'
        Info: 11: + IC(0.000 ns) + CELL(0.086 ns) = 4.438 ns; Loc. = LCCOMB_X32_Y17_N18; Fanout = 2; COMB Node = 'y_cnt[6]~43'
        Info: 12: + IC(0.000 ns) + CELL(0.086 ns) = 4.524 ns; Loc. = LCCOMB_X32_Y17_N20; Fanout = 2; COMB Node = 'y_cnt[7]~45'
        Info: 13: + IC(0.000 ns) + CELL(0.086 ns) = 4.610 ns; Loc. = LCCOMB_X32_Y17_N22; Fanout = 1; COMB Node = 'y_cnt[8]~47'
        Info: 14: + IC(0.000 ns) + CELL(0.506 ns) = 5.116 ns; Loc. = LCCOMB_X32_Y17_N24; Fanout = 1; COMB Node = 'y_cnt[9]~48'
        Info: 15: + IC(0.000 ns) + CELL(0.108 ns) = 5.224 ns; Loc. = LCFF_X32_Y17_N25; Fanout = 5; REG Node = 'y_cnt[9]'
        Info: Total cell delay = 2.953 ns ( 56.53 % )
        Info: Total interconnect delay = 2.271 ns ( 43.47 % )
    Info: - Smallest clock skew is 0.000 ns
        Info: + Shortest clock path from clock "clk" to destination register is 2.874 ns
            Info: 1: + IC(0.000 ns) + CELL(1.140 ns) = 1.140 ns; Loc. = PIN_23; Fanout = 1; CLK Node = 'clk'
            Info: 2: + IC(0.139 ns) + CELL(0.000 ns) = 1.279 ns; Loc. = CLKCTRL_G2; Fanout = 23; COMB Node = 'clk~clkctrl'
            Info: 3: + IC(0.929 ns) + CELL(0.666 ns) = 2.874 ns; Loc. = LCFF_X32_Y17_N25; Fanout = 5; REG Node = 'y_cnt[9]'
            Info: Total cell delay = 1.806 ns ( 62.84 % )
            Info: Total interconnect delay = 1.068 ns ( 37.16 % )
        Info: - Longest clock path from clock "clk" to source register is 2.874 ns
            Info: 1: + IC(0.000 ns) + CELL(1.140 ns) = 1.140 ns; Loc. = PIN_23; Fanout = 1; CLK Node = 'clk'
            Info: 2: + IC(0.139 ns) + CELL(0.000 ns) = 1.279 ns; Loc. = CLKCTRL_G2; Fanout = 23; COMB Node = 'clk~clkctrl'
            Info: 3: + IC(0.929 ns) + CELL(0.666 ns) = 2.874 ns; Loc. = LCFF_X32_Y16_N13; Fanout = 7; REG Node = 'x_cnt[6]'
            Info: Total cell delay = 1.806 ns ( 62.84 % )
            Info: Total interconnect delay = 1.068 ns ( 37.16 % )
    Info: + Micro clock to output delay of source is 0.304 ns
    Info: + Micro setup delay of destination is -0.040 ns
Info: tco from clock "clk" to destination pin "vga_g" through register "x_cnt[0]" is 16.809 ns
    Info: + Longest clock path from clock "clk" to source register is 2.874 ns
        Info: 1: + IC(0.000 ns) + CELL(1.140 ns) = 1.140 ns; Loc. = PIN_23; Fanout = 1; CLK Node = 'clk'
        Info: 2: + IC(0.139 ns) + CELL(0.000 ns) = 1.279 ns; Loc. = CLKCTRL_G2; Fanout = 23; COMB Node = 'clk~clkctrl'
        Info: 3: + IC(0.929 ns) + CELL(0.666 ns) = 2.874 ns; Loc. = LCFF_X32_Y16_N1; Fanout = 7; REG Node = 'x_cnt[0]'
        Info: Total cell delay = 1.806 ns ( 62.84 % )
        Info: Total interconnect delay = 1.068 ns ( 37.16 % )
    Info: + Micro clock to output delay of source is 0.304 ns
    Info: + Longest register to pin delay is 13.631 ns
        Info: 1: + IC(0.000 ns) + CELL(0.000 ns) = 0.000 ns; Loc. = LCFF_X32_Y16_N1; Fanout = 7; REG Node = 'x_cnt[0]'
        Info: 2: + IC(1.940 ns) + CELL(0.596 ns) = 2.536 ns; Loc. = LCCOMB_X31_Y14_N10; Fanout = 2; COMB Node = 'Add2~1'
        Info: 3: + IC(0.000 ns) + CELL(0.506 ns) = 3.042 ns; Loc. = LCCOMB_X31_Y14_N12; Fanout = 2; COMB Node = 'Add2~2'
        Info: 4: + IC(0.405 ns) + CELL(0.651 ns) = 4.098 ns; Loc. = LCCOMB_X31_Y14_N4; Fanout = 2; COMB Node = 'LessThan12~1'
        Info: 5: + IC(0.994 ns) + CELL(0.624 ns) = 5.716 ns; Loc. = LCCOMB_X33_Y14_N12; Fanout = 1; COMB Node = 'd_dis~2'
        Info: 6: + IC(0.696 ns) + CELL(0.623 ns) = 7.035 ns; Loc. = LCCOMB_X32_Y14_N6; Fanout = 2; COMB Node = 'c_dis~4'
        Info: 7: + IC(0.410 ns) + CELL(0.615 ns) = 8.060 ns; Loc. = LCCOMB_X32_Y14_N14; Fanout = 2; COMB Node = 'd_dis~5'
        Info: 8: + IC(1.042 ns) + CELL(0.370 ns) = 9.472 ns; Loc. = LCCOMB_X33_Y14_N22; Fanout = 1; COMB Node = 'vga_g~12'
        Info: 9: + IC(1.053 ns) + CELL(3.106 ns) = 13.631 ns; Loc. = PIN_150; Fanout = 0; PIN Node = 'vga_g'
        Info: Total cell delay = 7.091 ns ( 52.02 % )
        Info: Total interconnect delay = 6.540 ns ( 47.98 % )
Info: Quartus II Classic Timing Analyzer was successful. 0 errors, 1 warning
    Info: Peak virtual memory: 135 megabytes
    Info: Processing ended: Thu Jan 27 20:06:47 2011
    Info: Elapsed time: 00:00:04
    Info: Total CPU time (on all processors): 00:00:01


